org.apache.cassandra.io.sstable.SSTableScanner createIterator 152 971 1
org.apache.cassandra.db.compaction.SizeTieredCompactionStrategy getNextBackgroundSSTables 111 167 -1
org.apache.cassandra.net.IncomingTcpConnection handleModernVersion 140 971 -2
org.apache.cassandra.cache.ConcurrentLinkedHashCache get 96 805 -1
org.apache.cassandra.db.compaction.SizeTieredCompactionStrategy getNextBackgroundSSTables 111 1984 -1
org.apache.cassandra.db.ColumnIndex$Builder build 136 136 -6
org.apache.cassandra.db.Memtable getColumnFamily 341 971 -1
org.apache.cassandra.db.DataTracker$View nonCompactingSStables 505 2037 -1
org.apache.cassandra.db.index.SecondaryIndexManager flushIndexesBlocking 328 328 -3
org.apache.cassandra.db.RowMutation$RowMutationSerializer deserialize 402 971 -1
org.apache.cassandra.cache.ConcurrentLinkedHashCache get 96 126 -1
org.apache.cassandra.gms.GossipDigestAck2Serializer deserialize 68 971 -1
org.apache.cassandra.db.SystemTable isIndexBuilt 616 971 0
org.apache.cassandra.gms.EndpointStateSerializer deserialize 143 971 -1
org.apache.cassandra.streaming.StreamOut transferRanges 148 971 1
org.apache.cassandra.db.SystemTable isIndexBuilt 616 805 0
org.apache.cassandra.io.sstable.SSTableWriter appendFromStream 246 971 -1
org.apache.cassandra.config.Schema getNonSystemTables 283 971 -1
org.apache.cassandra.service.MigrationTask$1 response 66 971 0
org.apache.cassandra.service.MigrationManager$MigrationsSerializer deserialize 420 971 -1
org.apache.cassandra.db.ArrayBackedSortedColumns addAll 253 971 -6
org.apache.cassandra.db.compaction.CompactionManager doCleanupCompaction 563 971 -3
org.apache.cassandra.db.index.SecondaryIndexManager getIndexesByNames 572 971 -3
org.apache.cassandra.db.ColumnFamilySerializer deserialize 99 971 -1
org.apache.cassandra.locator.TokenMetadata getLeavingEndpoints 786 971 -1
org.apache.cassandra.db.compaction.SizeTieredCompactionStrategy getNextBackgroundSSTables 111 935 -1
org.apache.cassandra.db.DataTracker$View nonCompactingSStables 505 1984 -1
org.apache.cassandra.db.ColumnFamilyStore getSequentialIterator 1425 971 5
org.apache.cassandra.gms.GossipDigestSerializationHelper deserialize 66 971 -1
org.apache.cassandra.db.DataTracker$View newSSTables 568 971 -1
org.apache.cassandra.db.DefsTable mergeKeyspaces 373 2037 -1
org.apache.cassandra.service.StorageService initServer 516 971 -1
org.apache.cassandra.db.DefsTable mergeKeyspaces 373 971 -1
org.apache.cassandra.db.columniterator.SSTableSliceIterator next 95 971 -1
org.apache.cassandra.db.DefsTable mergeKeyspaces 393 2037 -1
org.apache.cassandra.db.ColumnFamilyStore getOverlappingSSTables 875 971 -1
org.apache.cassandra.locator.TokenMetadata getMovingEndpoints 803 971 -1
org.apache.cassandra.db.DataTracker$View nonCompactingSStables 505 167 -1
org.apache.cassandra.db.ColumnIndex$Builder build 128 128 -6
org.apache.cassandra.db.compaction.CompactionManager doCleanupCompaction 563 563 -3
org.apache.cassandra.cql3.statements.UpdateStatement buildKeyNames 181 971 -1
org.apache.cassandra.db.compaction.CompactionController getCompactedRow 160 971 1
org.apache.cassandra.db.filter.QueryFilter$1 reduce 96 971 1
org.apache.cassandra.io.sstable.SSTableReader getKeySamples 688 971 1
org.apache.cassandra.db.ColumnFamilyStore getRangeSlice 1472 971 3
org.apache.cassandra.gms.GossipDigestAckSerializer deserialize 85 971 -1
org.apache.cassandra.dht.RangeStreamer fetch 226 971 -1
org.apache.cassandra.config.Schema getCFMetaData 184 971 -1
org.apache.cassandra.db.filter.QueryFilter collateColumns 136 971 2
org.apache.cassandra.db.SystemTable serializedSchema 762 2037 -1
org.apache.cassandra.db.SystemTable serializedSchema 762 971 -1
org.apache.cassandra.db.RowIteratorFactory getIterator 67 971 2
org.apache.cassandra.db.DefsTable mergeColumnFamilies 438 2037 -1
org.apache.cassandra.db.ColumnFamilyStore getOverlappingSSTables 875 106 -1
org.apache.cassandra.gms.Gossiper doStatusCheck 607 971 -1
org.apache.cassandra.db.SystemTable isIndexBuilt 616 126 0
org.apache.cassandra.db.compaction.PrecompactedRow$1 reduce 136 971 1
org.apache.cassandra.db.ColumnFamilyStore getOverlappingSSTables 863 106 -1
org.apache.cassandra.streaming.StreamRequest$StreamRequestSerializer deserialize 167 971 -1
org.apache.cassandra.db.AtomicSortedColumns getSortedColumns 267 971 -1
org.apache.cassandra.db.DefsTable mergeColumnFamilies 438 971 -1
org.apache.cassandra.db.DataTracker$View nonCompactingSStables 505 971 -1
org.apache.cassandra.db.Table getColumnFamilyStore 174 971 -1
org.apache.cassandra.db.compaction.SizeTieredCompactionStrategy getNextBackgroundSSTables 111 971 -1
org.apache.cassandra.db.ColumnFamilyStore getOverlappingSSTables 863 971 -1
org.apache.cassandra.db.index.SecondaryIndexManager indexRow 433 971 -3
org.apache.cassandra.config.CFMetaData getColumn_metadata 565 971 -1
org.apache.cassandra.db.compaction.PrecompactedRow merge 159 971 2
org.apache.cassandra.db.compaction.CompactionManager doCleanupCompaction 598 598 -1
org.apache.cassandra.db.commitlog.CommitLog recover 126 971 1
org.apache.cassandra.cql3.statements.UpdateStatement prepare 268 971 -1
org.apache.cassandra.db.DefsTable mergeKeyspaces 393 971 -1
org.apache.cassandra.db.DataTracker$View newSSTables 568 106 -1
org.apache.cassandra.db.compaction.CompactionManager doCleanupCompaction 598 971 -1
org.apache.cassandra.db.ColumnFamilyStore getTopLevelColumns 1387 971 1
org.apache.cassandra.utils.BytesReadTracker readInt 102 971 -1
org.apache.cassandra.cache.ConcurrentLinkedHashCache get 96 971 -1
org.apache.cassandra.cql3.statements.DeleteStatement prepare 145 971 -1
org.apache.cassandra.service.StorageService getRangesForEndpoint 2612 971 -1
org.apache.cassandra.locator.AbstractReplicationStrategy getAddressRanges 162 162 -3
org.apache.cassandra.db.DataTracker$View nonCompactingSStables 505 935 -1
org.apache.cassandra.db.Table getColumnFamilyStores 158 971 -1
org.apache.cassandra.db.ArrayBackedSortedColumns addAll 228 971 -6
org.apache.cassandra.db.DefsTable mergeColumnFamilies 454 971 -1
org.apache.cassandra.locator.TokenMetadata updateNormalTokens 163 971 1
org.apache.cassandra.db.compaction.CompactionTask runWith 234 234 -1
org.apache.cassandra.service.StorageService calculatePendingRanges 1763 971 -1
org.apache.cassandra.streaming.IncomingStreamReader streamIn 163 971 -5
org.apache.cassandra.utils.BytesReadTracker readInt 102 148 -1
org.apache.cassandra.db.DefsTable mergeColumnFamilies 454 2037 -1
org.apache.cassandra.gms.Gossiper getStateForVersionBiggerThan 722 971 -1


===============
Part of logs
===============
JX - DEBUG - DynamicPoint: insert successfully at line number = 99
JX - DEBUG - DynamicPoint: insert successfully at line number = 99
JX - DEBUG - DynamicPoint: insert successfully at line number = 99
JX - DEBUG - DynamicPoint: insert successfully at line number = 99
JX - DEBUG - DynamicPoint: insert successfully at line number = 96
JX - DEBUG - DynamicPoint: insert successfully at line number = 96
JX - DEBUG - DynamicPoint: insert successfully at line number = 96
JX - DEBUG - DynamicPoint: insert successfully at line number = 96
JX - DEBUG - DynamicPoint: insert successfully at line number = 96
JX - DEBUG - DynamicPoint: insert successfully at line number = 96
JX - DEBUG - DynamicPoint: insert successfully at line number = 96
JX - DEBUG - DynamicPoint: insert successfully at line number = 96
JX - DEBUG - DynamicPoint: insert successfully at line number = 95
JX - DEBUG - DynamicPoint: insert successfully at line number = 95
JX - DEBUG - DynamicPoint: insert successfully at line number = 95
JX - DEBUG - DynamicPoint: insert successfully at line number = 95
JX - DEBUG - DynamicPoint: insert successfully at line number = 89
JX - DEBUG - DynamicPoint: insert successfully at line number = 89
JX - DEBUG - DynamicPoint: insert successfully at line number = 89
JX - DEBUG - DynamicPoint: insert successfully at line number = 89
JX - DEBUG - DynamicPoint: insert successfully at line number = 875
JX - DEBUG - DynamicPoint: insert successfully at line number = 875
JX - DEBUG - DynamicPoint: insert successfully at line number = 875
JX - DEBUG - DynamicPoint: insert successfully at line number = 875
JX - DEBUG - DynamicPoint: insert successfully at line number = 863
JX - DEBUG - DynamicPoint: insert successfully at line number = 863
JX - DEBUG - DynamicPoint: insert successfully at line number = 863
JX - DEBUG - DynamicPoint: insert successfully at line number = 863
JX - DEBUG - DynamicPoint: insert successfully at line number = 862
JX - DEBUG - DynamicPoint: insert successfully at line number = 862
JX - DEBUG - DynamicPoint: insert successfully at line number = 85
JX - DEBUG - DynamicPoint: insert successfully at line number = 85
JX - DEBUG - DynamicPoint: insert successfully at line number = 843
JX - DEBUG - DynamicPoint: insert successfully at line number = 843
JX - DEBUG - DynamicPoint: insert successfully at line number = 825
JX - DEBUG - DynamicPoint: insert successfully at line number = 81
JX - DEBUG - DynamicPoint: insert successfully at line number = 81
JX - DEBUG - DynamicPoint: insert successfully at line number = 81
JX - DEBUG - DynamicPoint: insert successfully at line number = 81
JX - DEBUG - DynamicPoint: insert successfully at line number = 803
JX - DEBUG - DynamicPoint: insert successfully at line number = 803
JX - DEBUG - DynamicPoint: insert successfully at line number = 786
JX - DEBUG - DynamicPoint: insert successfully at line number = 786
JX - DEBUG - DynamicPoint: insert successfully at line number = 782
JX - DEBUG - DynamicPoint: insert successfully at line number = 782
JX - DEBUG - DynamicPoint: insert successfully at line number = 762
JX - DEBUG - DynamicPoint: insert successfully at line number = 762
JX - DEBUG - DynamicPoint: insert successfully at line number = 762
JX - DEBUG - DynamicPoint: insert successfully at line number = 762
JX - DEBUG - DynamicPoint: insert successfully at line number = 76
JX - DEBUG - DynamicPoint: insert successfully at line number = 76
JX - DEBUG - DynamicPoint: insert successfully at line number = 749
JX - DEBUG - DynamicPoint: insert successfully at line number = 749
JX - DEBUG - DynamicPoint: insert successfully at line number = 722
JX - DEBUG - DynamicPoint: insert successfully at line number = 722
JX - DEBUG - DynamicPoint: insert successfully at line number = 688
JX - DEBUG - DynamicPoint: insert successfully at line number = 688
JX - DEBUG - DynamicPoint: insert successfully at line number = 68
JX - DEBUG - DynamicPoint: insert successfully at line number = 68
JX - DEBUG - DynamicPoint: insert successfully at line number = 67
JX - DEBUG - DynamicPoint: insert successfully at line number = 67
JX - DEBUG - DynamicPoint: insert successfully at line number = 66
JX - DEBUG - DynamicPoint: insert successfully at line number = 66
JX - DEBUG - DynamicPoint: insert successfully at line number = 66
JX - DEBUG - DynamicPoint: insert successfully at line number = 66
JX - DEBUG - DynamicPoint: insert successfully at line number = 653
JX - DEBUG - DynamicPoint: insert successfully at line number = 653
JX - DEBUG - DynamicPoint: insert successfully at line number = 616
JX - DEBUG - DynamicPoint: insert successfully at line number = 616
JX - DEBUG - DynamicPoint: insert successfully at line number = 616
JX - DEBUG - DynamicPoint: insert successfully at line number = 616
JX - DEBUG - DynamicPoint: insert successfully at line number = 616
JX - DEBUG - DynamicPoint: insert successfully at line number = 616
JX - DEBUG - DynamicPoint: insert successfully at line number = 607
JX - DEBUG - DynamicPoint: insert successfully at line number = 607
JX - DEBUG - DynamicPoint: insert successfully at line number = 599
JX - DEBUG - DynamicPoint: insert successfully at line number = 599
JX - DEBUG - DynamicPoint: insert successfully at line number = 598
JX - DEBUG - DynamicPoint: insert successfully at line number = 598
JX - DEBUG - DynamicPoint: insert successfully at line number = 598
JX - DEBUG - DynamicPoint: insert successfully at line number = 598
JX - DEBUG - DynamicPoint: insert successfully at line number = 582
JX - DEBUG - DynamicPoint: insert successfully at line number = 582
JX - DEBUG - DynamicPoint: insert successfully at line number = 572
JX - DEBUG - DynamicPoint: insert successfully at line number = 572
JX - DEBUG - DynamicPoint: insert successfully at line number = 568
JX - DEBUG - DynamicPoint: insert successfully at line number = 568
JX - DEBUG - DynamicPoint: insert successfully at line number = 568
JX - DEBUG - DynamicPoint: insert successfully at line number = 568
JX - DEBUG - DynamicPoint: insert successfully at line number = 567
JX - DEBUG - DynamicPoint: insert successfully at line number = 567
JX - DEBUG - DynamicPoint: insert successfully at line number = 565
JX - DEBUG - DynamicPoint: insert successfully at line number = 563
JX - DEBUG - DynamicPoint: insert successfully at line number = 563
JX - DEBUG - DynamicPoint: insert successfully at line number = 563
JX - DEBUG - DynamicPoint: insert successfully at line number = 563
JX - DEBUG - DynamicPoint: insert successfully at line number = 553
JX - DEBUG - DynamicPoint: insert successfully at line number = 553
JX - DEBUG - DynamicPoint: insert successfully at line number = 54
JX - DEBUG - DynamicPoint: insert successfully at line number = 54
JX - DEBUG - DynamicPoint: insert successfully at line number = 524
JX - DEBUG - DynamicPoint: insert successfully at line number = 524
JX - DEBUG - DynamicPoint: insert successfully at line number = 516
JX - DEBUG - DynamicPoint: insert successfully at line number = 516
JX - DEBUG - DynamicPoint: insert successfully at line number = 514
JX - DEBUG - DynamicPoint: insert successfully at line number = 514
JX - DEBUG - DynamicPoint: insert successfully at line number = 513
JX - DEBUG - DynamicPoint: insert successfully at line number = 513
JX - DEBUG - DynamicPoint: insert successfully at line number = 513
JX - DEBUG - DynamicPoint: insert successfully at line number = 513
JX - DEBUG - DynamicPoint: insert successfully at line number = 505
JX - DEBUG - DynamicPoint: insert successfully at line number = 505
JX - DEBUG - DynamicPoint: insert successfully at line number = 505
JX - DEBUG - DynamicPoint: insert successfully at line number = 505
JX - DEBUG - DynamicPoint: insert successfully at line number = 505
JX - DEBUG - DynamicPoint: insert successfully at line number = 505
JX - DEBUG - DynamicPoint: insert successfully at line number = 505
JX - DEBUG - DynamicPoint: insert successfully at line number = 505
JX - DEBUG - DynamicPoint: insert successfully at line number = 505
JX - DEBUG - DynamicPoint: insert successfully at line number = 505
JX - DEBUG - DynamicPoint: insert successfully at line number = 491
JX - DEBUG - DynamicPoint: insert successfully at line number = 491
JX - DEBUG - DynamicPoint: insert successfully at line number = 488
JX - DEBUG - DynamicPoint: insert successfully at line number = 488
JX - DEBUG - DynamicPoint: insert successfully at line number = 488
JX - DEBUG - DynamicPoint: insert successfully at line number = 488
JX - DEBUG - DynamicPoint: insert successfully at line number = 485
JX - DEBUG - DynamicPoint: insert successfully at line number = 485
JX - DEBUG - DynamicPoint: insert successfully at line number = 485
JX - DEBUG - DynamicPoint: insert successfully at line number = 485
JX - DEBUG - DynamicPoint: insert successfully at line number = 480
JX - DEBUG - DynamicPoint: insert successfully at line number = 480
JX - DEBUG - DynamicPoint: insert successfully at line number = 47
JX - DEBUG - DynamicPoint: insert successfully at line number = 47
JX - DEBUG - DynamicPoint: insert successfully at line number = 466
JX - DEBUG - DynamicPoint: insert successfully at line number = 466
JX - DEBUG - DynamicPoint: insert successfully at line number = 461
JX - DEBUG - DynamicPoint: insert successfully at line number = 461
JX - DEBUG - DynamicPoint: insert successfully at line number = 454
JX - DEBUG - DynamicPoint: insert successfully at line number = 454
JX - DEBUG - DynamicPoint: insert successfully at line number = 454
JX - DEBUG - DynamicPoint: insert successfully at line number = 454
JX - DEBUG - DynamicPoint: insert successfully at line number = 438
JX - DEBUG - DynamicPoint: insert successfully at line number = 438
JX - DEBUG - DynamicPoint: insert successfully at line number = 438
JX - DEBUG - DynamicPoint: insert successfully at line number = 438
JX - DEBUG - DynamicPoint: insert successfully at line number = 433
JX - DEBUG - DynamicPoint: insert successfully at line number = 433
JX - DEBUG - DynamicPoint: insert successfully at line number = 420
JX - DEBUG - DynamicPoint: insert successfully at line number = 420
JX - DEBUG - DynamicPoint: insert successfully at line number = 402
JX - DEBUG - DynamicPoint: insert successfully at line number = 402
JX - DEBUG - DynamicPoint: insert successfully at line number = 393
JX - DEBUG - DynamicPoint: insert successfully at line number = 393
JX - DEBUG - DynamicPoint: insert successfully at line number = 393
JX - DEBUG - DynamicPoint: insert successfully at line number = 393
JX - DEBUG - DynamicPoint: insert successfully at line number = 3760
JX - DEBUG - DynamicPoint: insert successfully at line number = 3760
JX - DEBUG - DynamicPoint: insert successfully at line number = 373
JX - DEBUG - DynamicPoint: insert successfully at line number = 373
JX - DEBUG - DynamicPoint: insert successfully at line number = 373
JX - DEBUG - DynamicPoint: insert successfully at line number = 373
JX - DEBUG - DynamicPoint: insert successfully at line number = 372
JX - DEBUG - DynamicPoint: insert successfully at line number = 372
JX - DEBUG - DynamicPoint: insert successfully at line number = 352
JX - DEBUG - DynamicPoint: insert successfully at line number = 352
JX - DEBUG - DynamicPoint: insert successfully at line number = 341
JX - DEBUG - DynamicPoint: insert successfully at line number = 341
JX - DEBUG - DynamicPoint: insert successfully at line number = 339
JX - DEBUG - DynamicPoint: insert successfully at line number = 339
JX - DEBUG - DynamicPoint: insert successfully at line number = 328
JX - DEBUG - DynamicPoint: insert successfully at line number = 328
JX - DEBUG - DynamicPoint: insert successfully at line number = 319
JX - DEBUG - DynamicPoint: insert successfully at line number = 319
JX - DEBUG - DynamicPoint: insert successfully at line number = 318
JX - DEBUG - DynamicPoint: insert successfully at line number = 318
JX - DEBUG - DynamicPoint: insert successfully at line number = 318
JX - DEBUG - DynamicPoint: insert successfully at line number = 318
JX - DEBUG - DynamicPoint: insert successfully at line number = 318
JX - DEBUG - DynamicPoint: insert successfully at line number = 318
JX - DEBUG - DynamicPoint: insert successfully at line number = 318
JX - DEBUG - DynamicPoint: insert successfully at line number = 318
JX - DEBUG - DynamicPoint: insert successfully at line number = 305
JX - DEBUG - DynamicPoint: insert successfully at line number = 305
JX - DEBUG - DynamicPoint: insert successfully at line number = 305
JX - DEBUG - DynamicPoint: insert successfully at line number = 305
JX - DEBUG - DynamicPoint: insert successfully at line number = 303
JX - DEBUG - DynamicPoint: insert successfully at line number = 303
JX - DEBUG - DynamicPoint: insert successfully at line number = 2994
JX - DEBUG - DynamicPoint: insert successfully at line number = 2994
JX - DEBUG - DynamicPoint: insert successfully at line number = 298
JX - DEBUG - DynamicPoint: insert successfully at line number = 298
JX - DEBUG - DynamicPoint: insert successfully at line number = 283
JX - DEBUG - DynamicPoint: insert successfully at line number = 283
JX - DEBUG - DynamicPoint: insert successfully at line number = 277
JX - DEBUG - DynamicPoint: insert successfully at line number = 277
JX - DEBUG - DynamicPoint: insert successfully at line number = 2692
JX - DEBUG - DynamicPoint: insert successfully at line number = 2692
JX - DEBUG - DynamicPoint: insert successfully at line number = 268
JX - DEBUG - DynamicPoint: insert successfully at line number = 268
JX - DEBUG - DynamicPoint: insert successfully at line number = 267
JX - DEBUG - DynamicPoint: insert successfully at line number = 267
JX - DEBUG - DynamicPoint: insert successfully at line number = 267
JX - DEBUG - DynamicPoint: insert successfully at line number = 267
JX - DEBUG - DynamicPoint: insert successfully at line number = 2612
JX - DEBUG - DynamicPoint: insert successfully at line number = 2612
JX - DEBUG - DynamicPoint: insert successfully at line number = 261
JX - DEBUG - DynamicPoint: insert successfully at line number = 261
JX - DEBUG - DynamicPoint: insert successfully at line number = 257
JX - DEBUG - DynamicPoint: insert successfully at line number = 257
JX - DEBUG - DynamicPoint: insert successfully at line number = 253
JX - DEBUG - DynamicPoint: insert successfully at line number = 253
JX - DEBUG - DynamicPoint: insert successfully at line number = 246
JX - DEBUG - DynamicPoint: insert successfully at line number = 246
JX - DEBUG - DynamicPoint: insert successfully at line number = 245
JX - DEBUG - DynamicPoint: insert successfully at line number = 245
JX - DEBUG - DynamicPoint: insert successfully at line number = 2448
JX - DEBUG - DynamicPoint: insert successfully at line number = 2448
JX - DEBUG - DynamicPoint: insert successfully at line number = 244
JX - DEBUG - DynamicPoint: insert successfully at line number = 244
JX - DEBUG - DynamicPoint: insert successfully at line number = 243
JX - DEBUG - DynamicPoint: insert successfully at line number = 243
JX - DEBUG - DynamicPoint: insert successfully at line number = 2421
JX - DEBUG - DynamicPoint: insert successfully at line number = 2421
JX - DEBUG - DynamicPoint: insert successfully at line number = 240
JX - DEBUG - DynamicPoint: insert successfully at line number = 240
JX - DEBUG - DynamicPoint: insert successfully at line number = 234
JX - DEBUG - DynamicPoint: insert successfully at line number = 234
JX - DEBUG - DynamicPoint: insert successfully at line number = 2289
JX - DEBUG - DynamicPoint: insert successfully at line number = 2289
JX - DEBUG - DynamicPoint: insert successfully at line number = 228
JX - DEBUG - DynamicPoint: insert successfully at line number = 228
JX - DEBUG - DynamicPoint: insert successfully at line number = 226
JX - DEBUG - DynamicPoint: insert successfully at line number = 224
JX - DEBUG - DynamicPoint: insert successfully at line number = 224
JX - DEBUG - DynamicPoint: insert successfully at line number = 2221
JX - DEBUG - DynamicPoint: insert successfully at line number = 2221
JX - DEBUG - DynamicPoint: insert successfully at line number = 207
JX - DEBUG - DynamicPoint: insert successfully at line number = 207
JX - DEBUG - DynamicPoint: insert successfully at line number = 201
JX - DEBUG - DynamicPoint: insert successfully at line number = 201
JX - DEBUG - DynamicPoint: insert successfully at line number = 194
JX - DEBUG - DynamicPoint: insert successfully at line number = 194
JX - DEBUG - DynamicPoint: insert successfully at line number = 1911
JX - DEBUG - DynamicPoint: insert successfully at line number = 1911
JX - DEBUG - DynamicPoint: insert successfully at line number = 1909
JX - DEBUG - DynamicPoint: insert successfully at line number = 1909
JX - DEBUG - DynamicPoint: insert successfully at line number = 186
JX - DEBUG - DynamicPoint: insert successfully at line number = 186
JX - DEBUG - DynamicPoint: insert successfully at line number = 184
JX - DEBUG - DynamicPoint: insert successfully at line number = 184
JX - DEBUG - DynamicPoint: insert successfully at line number = 181
JX - DEBUG - DynamicPoint: insert successfully at line number = 181
JX - DEBUG - DynamicPoint: insert successfully at line number = 1790
JX - DEBUG - DynamicPoint: insert successfully at line number = 1790
JX - DEBUG - DynamicPoint: insert successfully at line number = 1763
JX - DEBUG - DynamicPoint: insert successfully at line number = 1763
JX - DEBUG - DynamicPoint: insert successfully at line number = 176
JX - DEBUG - DynamicPoint: insert successfully at line number = 176
JX - DEBUG - DynamicPoint: insert successfully at line number = 174
JX - DEBUG - DynamicPoint: insert successfully at line number = 174
JX - DEBUG - DynamicPoint: insert successfully at line number = 172
JX - DEBUG - DynamicPoint: insert successfully at line number = 172
JX - DEBUG - DynamicPoint: insert successfully at line number = 169
JX - DEBUG - DynamicPoint: insert successfully at line number = 169
JX - DEBUG - DynamicPoint: insert successfully at line number = 169
JX - DEBUG - DynamicPoint: insert successfully at line number = 169
JX - DEBUG - DynamicPoint: insert successfully at line number = 169
JX - DEBUG - DynamicPoint: insert successfully at line number = 169
JX - DEBUG - DynamicPoint: insert successfully at line number = 169
JX - DEBUG - DynamicPoint: insert successfully at line number = 169
JX - DEBUG - DynamicPoint: insert successfully at line number = 167
JX - DEBUG - DynamicPoint: insert successfully at line number = 167
JX - DEBUG - DynamicPoint: insert successfully at line number = 166
JX - DEBUG - DynamicPoint: insert successfully at line number = 166
JX - DEBUG - DynamicPoint: insert successfully at line number = 163
JX - DEBUG - DynamicPoint: insert successfully at line number = 163
JX - DEBUG - DynamicPoint: insert successfully at line number = 163
JX - DEBUG - DynamicPoint: insert successfully at line number = 162
JX - DEBUG - DynamicPoint: insert successfully at line number = 162
JX - DEBUG - DynamicPoint: insert successfully at line number = 160
JX - DEBUG - DynamicPoint: insert successfully at line number = 160
JX - DEBUG - DynamicPoint: insert successfully at line number = 159
JX - DEBUG - DynamicPoint: insert successfully at line number = 159
JX - DEBUG - DynamicPoint: insert successfully at line number = 158
JX - DEBUG - DynamicPoint: insert successfully at line number = 158
JX - DEBUG - DynamicPoint: insert successfully at line number = 157
JX - DEBUG - DynamicPoint: insert successfully at line number = 157
JX - DEBUG - DynamicPoint: insert successfully at line number = 157
JX - DEBUG - DynamicPoint: insert successfully at line number = 157
JX - DEBUG - DynamicPoint: insert successfully at line number = 152
JX - DEBUG - DynamicPoint: insert successfully at line number = 152
JX - DEBUG - DynamicPoint: insert successfully at line number = 1482
JX - DEBUG - DynamicPoint: insert successfully at line number = 1482
JX - DEBUG - DynamicPoint: insert successfully at line number = 1472
JX - DEBUG - DynamicPoint: insert successfully at line number = 1472
JX - DEBUG - DynamicPoint: insert successfully at line number = 145
JX - DEBUG - DynamicPoint: insert successfully at line number = 145
JX - DEBUG - DynamicPoint: insert successfully at line number = 143
JX - DEBUG - DynamicPoint: insert successfully at line number = 143
JX - DEBUG - DynamicPoint: insert successfully at line number = 1425
JX - DEBUG - DynamicPoint: insert successfully at line number = 1425
JX - DEBUG - DynamicPoint: insert successfully at line number = 140
JX - DEBUG - DynamicPoint: insert successfully at line number = 140
JX - DEBUG - DynamicPoint: insert successfully at line number = 1387
JX - DEBUG - DynamicPoint: insert successfully at line number = 1387
JX - DEBUG - DynamicPoint: insert successfully at line number = 136
JX - DEBUG - DynamicPoint: insert successfully at line number = 136
JX - DEBUG - DynamicPoint: insert successfully at line number = 136
JX - DEBUG - DynamicPoint: insert successfully at line number = 136
JX - DEBUG - DynamicPoint: insert successfully at line number = 136
JX - DEBUG - DynamicPoint: insert successfully at line number = 136
JX - DEBUG - DynamicPoint: insert successfully at line number = 1289
JX - DEBUG - DynamicPoint: insert successfully at line number = 128
JX - DEBUG - DynamicPoint: insert successfully at line number = 128
JX - DEBUG - DynamicPoint: insert successfully at line number = 126
JX - DEBUG - DynamicPoint: insert successfully at line number = 126
JX - DEBUG - DynamicPoint: insert successfully at line number = 126
JX - DEBUG - DynamicPoint: insert successfully at line number = 126
JX - DEBUG - DynamicPoint: insert successfully at line number = 121
JX - DEBUG - DynamicPoint: insert successfully at line number = 121
JX - DEBUG - DynamicPoint: insert successfully at line number = 115
JX - DEBUG - DynamicPoint: insert successfully at line number = 115
JX - DEBUG - DynamicPoint: insert successfully at line number = 111
JX - DEBUG - DynamicPoint: insert successfully at line number = 111
JX - DEBUG - DynamicPoint: insert successfully at line number = 111
JX - DEBUG - DynamicPoint: insert successfully at line number = 111
JX - DEBUG - DynamicPoint: insert successfully at line number = 111
JX - DEBUG - DynamicPoint: insert successfully at line number = 111
JX - DEBUG - DynamicPoint: insert successfully at line number = 111
JX - DEBUG - DynamicPoint: insert successfully at line number = 111
JX - DEBUG - DynamicPoint: insert successfully at line number = 108
JX - DEBUG - DynamicPoint: insert successfully at line number = 108
JX - DEBUG - DynamicPoint: insert successfully at line number = 108
JX - DEBUG - DynamicPoint: insert successfully at line number = 108
JX - DEBUG - DynamicPoint: insert successfully at line number = 102
JX - DEBUG - DynamicPoint: insert successfully at line number = 102
JX - DEBUG - DynamicPoint: insert successfully at line number = 102
JX - DEBUG - DynamicPoint: insert successfully at line number = 102
JX - DEBUG - DynamicPoint: expected line nmber = 99, but only can insert at 86, so give up.
JX - DEBUG - DynamicPoint: expected line nmber = 99, but only can insert at 86, so give up.
JX - DEBUG - DynamicPoint: expected line nmber = 99, but only can insert at 33, so give up.
JX - DEBUG - DynamicPoint: expected line nmber = 99, but only can insert at 33, so give up.
JX - DEBUG - DynamicPoint: expected line nmber = 96, but only can insert at 27, so give up.
JX - DEBUG - DynamicPoint: expected line nmber = 96, but only can insert at 27, so give up.
JX - DEBUG - DynamicPoint: expected line nmber = 96, but only can insert at 27, so give up.
JX - DEBUG - DynamicPoint: expected line nmber = 96, but only can insert at 27, so give up.
JX - DEBUG - DynamicPoint: expected line nmber = 96, but only can insert at 27, so give up.
JX - DEBUG - DynamicPoint: expected line nmber = 96, but only can insert at 27, so give up.
JX - DEBUG - DynamicPoint: expected line nmber = 96, but only can insert at 101, so give up.
JX - DEBUG - DynamicPoint: expected line nmber = 96, but only can insert at 101, so give up.
JX - DEBUG - DynamicPoint: expected line nmber = 95, but only can insert at 33, so give up.
JX - DEBUG - DynamicPoint: expected line nmber = 95, but only can insert at 33, so give up.
JX - DEBUG - DynamicPoint: expected line nmber = 89, but only can insert at 81, so give up.
JX - DEBUG - DynamicPoint: expected line nmber = 89, but only can insert at 81, so give up.
JX - DEBUG - DynamicPoint: expected line nmber = 89, but only can insert at 81, so give up.
JX - DEBUG - DynamicPoint: expected line nmber = 89, but only can insert at 81, so give up.
JX - DEBUG - DynamicPoint: expected line nmber = 85, but only can insert at 61, so give up.
JX - DEBUG - DynamicPoint: expected line nmber = 85, but only can insert at 61, so give up.
JX - DEBUG - DynamicPoint: expected line nmber = 81, but only can insert at 86, so give up.
JX - DEBUG - DynamicPoint: expected line nmber = 81, but only can insert at 86, so give up.
JX - DEBUG - DynamicPoint: expected line nmber = 81, but only can insert at 86, so give up.
JX - DEBUG - DynamicPoint: expected line nmber = 81, but only can insert at 86, so give up.
JX - DEBUG - DynamicPoint: expected line nmber = 762, but only can insert at 751, so give up.
JX - DEBUG - DynamicPoint: expected line nmber = 762, but only can insert at 751, so give up.
JX - DEBUG - DynamicPoint: expected line nmber = 762, but only can insert at 751, so give up.
JX - DEBUG - DynamicPoint: expected line nmber = 762, but only can insert at 751, so give up.
JX - DEBUG - DynamicPoint: expected line nmber = 76, but only can insert at 63, so give up.
JX - DEBUG - DynamicPoint: expected line nmber = 76, but only can insert at 63, so give up.
JX - DEBUG - DynamicPoint: expected line nmber = 688, but only can insert at 641, so give up.
JX - DEBUG - DynamicPoint: expected line nmber = 688, but only can insert at 641, so give up.
JX - DEBUG - DynamicPoint: expected line nmber = 68, but only can insert at 50, so give up.
JX - DEBUG - DynamicPoint: expected line nmber = 68, but only can insert at 50, so give up.
JX - DEBUG - DynamicPoint: expected line nmber = 568, but only can insert at 552, so give up.
JX - DEBUG - DynamicPoint: expected line nmber = 568, but only can insert at 552, so give up.
JX - DEBUG - DynamicPoint: expected line nmber = 568, but only can insert at 552, so give up.
JX - DEBUG - DynamicPoint: expected line nmber = 568, but only can insert at 552, so give up.
JX - DEBUG - DynamicPoint: expected line nmber = 516, but only can insert at 482, so give up.
JX - DEBUG - DynamicPoint: expected line nmber = 516, but only can insert at 482, so give up.
JX - DEBUG - DynamicPoint: expected line nmber = 420, but only can insert at 404, so give up.
JX - DEBUG - DynamicPoint: expected line nmber = 420, but only can insert at 404, so give up.
JX - DEBUG - DynamicPoint: expected line nmber = 402, but only can insert at 417, so give up.
JX - DEBUG - DynamicPoint: expected line nmber = 402, but only can insert at 417, so give up.
JX - DEBUG - DynamicPoint: expected line nmber = 402, but only can insert at 377, so give up.
JX - DEBUG - DynamicPoint: expected line nmber = 402, but only can insert at 377, so give up.
JX - DEBUG - DynamicPoint: expected line nmber = 2994, but only can insert at 2945, so give up.
JX - DEBUG - DynamicPoint: expected line nmber = 2994, but only can insert at 2945, so give up.
JX - DEBUG - DynamicPoint: expected line nmber = 2692, but only can insert at 2684, so give up.
JX - DEBUG - DynamicPoint: expected line nmber = 2692, but only can insert at 2684, so give up.
JX - DEBUG - DynamicPoint: expected line nmber = 268, but only can insert at 344, so give up.
JX - DEBUG - DynamicPoint: expected line nmber = 268, but only can insert at 344, so give up.
JX - DEBUG - DynamicPoint: expected line nmber = 261, but only can insert at 235, so give up.
JX - DEBUG - DynamicPoint: expected line nmber = 261, but only can insert at 235, so give up.
JX - DEBUG - DynamicPoint: expected line nmber = 2448, but only can insert at 2453, so give up.
JX - DEBUG - DynamicPoint: expected line nmber = 2448, but only can insert at 2453, so give up.
JX - DEBUG - DynamicPoint: expected line nmber = 184, but only can insert at 202, so give up.
JX - DEBUG - DynamicPoint: expected line nmber = 184, but only can insert at 202, so give up.
JX - DEBUG - DynamicPoint: expected line nmber = 184, but only can insert at 196, so give up.
JX - DEBUG - DynamicPoint: expected line nmber = 184, but only can insert at 196, so give up.
JX - DEBUG - DynamicPoint: expected line nmber = 1763, but only can insert at 1721, so give up.
JX - DEBUG - DynamicPoint: expected line nmber = 1763, but only can insert at 1721, so give up.
JX - DEBUG - DynamicPoint: expected line nmber = 174, but only can insert at 166, so give up.
JX - DEBUG - DynamicPoint: expected line nmber = 174, but only can insert at 166, so give up.
JX - DEBUG - DynamicPoint: expected line nmber = 167, but only can insert at 119, so give up.
JX - DEBUG - DynamicPoint: expected line nmber = 167, but only can insert at 119, so give up.
JX - DEBUG - DynamicPoint: expected line nmber = 163, but only can insert at 176, so give up.
JX - DEBUG - DynamicPoint: expected line nmber = 163, but only can insert at 176, so give up.
JX - DEBUG - DynamicPoint: expected line nmber = 162, but only can insert at 192, so give up.
JX - DEBUG - DynamicPoint: expected line nmber = 162, but only can insert at 192, so give up.
JX - DEBUG - DynamicPoint: expected line nmber = 160, but only can insert at 166, so give up.
JX - DEBUG - DynamicPoint: expected line nmber = 160, but only can insert at 166, so give up.
JX - DEBUG - DynamicPoint: expected line nmber = 159, but only can insert at 126, so give up.
JX - DEBUG - DynamicPoint: expected line nmber = 159, but only can insert at 126, so give up.
JX - DEBUG - DynamicPoint: expected line nmber = 157, but only can insert at 33, so give up.
JX - DEBUG - DynamicPoint: expected line nmber = 157, but only can insert at 33, so give up.
JX - DEBUG - DynamicPoint: expected line nmber = 157, but only can insert at 33, so give up.
JX - DEBUG - DynamicPoint: expected line nmber = 157, but only can insert at 33, so give up.
JX - DEBUG - DynamicPoint: expected line nmber = 157, but only can insert at 142, so give up.
JX - DEBUG - DynamicPoint: expected line nmber = 157, but only can insert at 142, so give up.
JX - DEBUG - DynamicPoint: expected line nmber = 157, but only can insert at 142, so give up.
JX - DEBUG - DynamicPoint: expected line nmber = 157, but only can insert at 142, so give up.
JX - DEBUG - DynamicPoint: expected line nmber = 1482, but only can insert at 1487, so give up.
JX - DEBUG - DynamicPoint: expected line nmber = 1482, but only can insert at 1487, so give up.
JX - DEBUG - DynamicPoint: expected line nmber = 148, but only can insert at 96, so give up.
JX - DEBUG - DynamicPoint: expected line nmber = 148, but only can insert at 87, so give up.
JX - DEBUG - DynamicPoint: expected line nmber = 148, but only can insert at 117, so give up.
JX - DEBUG - DynamicPoint: expected line nmber = 1472, but only can insert at 1477, so give up.
JX - DEBUG - DynamicPoint: expected line nmber = 1472, but only can insert at 1477, so give up.
JX - DEBUG - DynamicPoint: expected line nmber = 145, but only can insert at 169, so give up.
JX - DEBUG - DynamicPoint: expected line nmber = 145, but only can insert at 169, so give up.
JX - DEBUG - DynamicPoint: expected line nmber = 143, but only can insert at 118, so give up.
JX - DEBUG - DynamicPoint: expected line nmber = 143, but only can insert at 118, so give up.
JX - DEBUG - DynamicPoint: expected line nmber = 136, but only can insert at 193, so give up.
JX - DEBUG - DynamicPoint: expected line nmber = 136, but only can insert at 193, so give up.
JX - DEBUG - DynamicPoint: expected line nmber = 136, but only can insert at 146, so give up.
JX - DEBUG - DynamicPoint: expected line nmber = 136, but only can insert at 146, so give up.
JX - DEBUG - DynamicPoint: expected line nmber = 136, but only can insert at 141, so give up.
JX - DEBUG - DynamicPoint: expected line nmber = 136, but only can insert at 141, so give up.
JX - DEBUG - DynamicPoint: expected line nmber = 128, but only can insert at 193, so give up.
JX - DEBUG - DynamicPoint: expected line nmber = 128, but only can insert at 193, so give up.
JX - DEBUG - DynamicPoint: expected line nmber = 128, but only can insert at 146, so give up.
JX - DEBUG - DynamicPoint: expected line nmber = 128, but only can insert at 146, so give up.
JX - DEBUG - DynamicPoint: expected line nmber = 126, but only can insert at 155, so give up.
JX - DEBUG - DynamicPoint: expected line nmber = 126, but only can insert at 155, so give up.
JX - DEBUG - DynamicPoint: expected line nmber = 126, but only can insert at 145, so give up.
JX - DEBUG - DynamicPoint: expected line nmber = 126, but only can insert at 145, so give up.
JX - DEBUG - DynamicPoint: expected line nmber = 108, but only can insert at 96, so give up.
JX - DEBUG - DynamicPoint: expected line nmber = 108, but only can insert at 96, so give up.

