(447271561_2, 5874)
org.apache.hadoop.mapreduce.v2.api.records.impl.pb.JobIdPBImpl getAppId -1
(1980950994_2, 5792)
org.apache.hadoop.yarn.api.records.impl.pb.ApplicationIdPBImpl getClusterTimestamp -1
(1182156933_2, 5178)
org.apache.hadoop.yarn.api.records.impl.pb.ContainerIdPBImpl getApplicationAttemptId -1
(1563938310_2, 4336)
org.apache.hadoop.yarn.api.records.impl.pb.ApplicationAttemptIdPBImpl getApplicationId -18
(965998742_2, 3692)
org.apache.hadoop.yarn.api.records.impl.pb.ApplicationIdPBImpl getClusterTimestamp -1
(636688270_2, 3566)
org.apache.hadoop.yarn.api.records.impl.pb.NodeIdPBImpl getProto -1
(150136868_2, 3136)
org.apache.hadoop.ipc.Client$Connection addCall
(1218714934_2, 3062)
org.apache.hadoop.mapreduce.v2.api.records.impl.pb.TaskIdPBImpl
(1959910782_2, 2978)
org.apache.hadoop.yarn.api.records.impl.pb.ApplicationAttemptIdPBImpl
(433010716_2, 2668)
org.apache.hadoop.yarn.api.records.impl.pb.ApplicationIdPBImpl
(1083016347_2, 2170)
org.apache.hadoop.mapreduce.v2.api.records.impl.pb.TaskIdPBImpl
(1110435090_2, 1780)
org.apache.hadoop.yarn.api.records.impl.pb.ContainerIdPBImpl
(1796549371_2, 1752)
org.apache.hadoop.yarn.state.StateMachineFactory$InternalStateMachine
(1449665200_2, 1468)
org.apache.hadoop.yarn.api.records.impl.pb.ApplicationAttemptIdPBImpl
(2124107372_2, 1420)
org.apache.hadoop.yarn.api.records.impl.pb.ApplicationAttemptIdPBImpl
(324125544_2, 1038)
org.apache.hadoop.yarn.server.nodemanager.DirectoryCollection
(470945515_2, 1034)
org.apache.hadoop.yarn.server.nodemanager.DirectoryCollection
(302118332_2, 1024)
org.apache.hadoop.yarn.server.resourcemanager.scheduler.SchedulerNode
(1753149087_2, 1018)
org.apache.hadoop.yarn.server.resourcemanager.scheduler.SchedulerApp
(1118682820_2, 1016)
org.apache.hadoop.yarn.api.records.impl.pb.ApplicationIdPBImpl
(1401192811_2, 990)
org.apache.hadoop.yarn.state.StateMachineFactory$InternalStateMachine
(1701068369_2, 826)
org.apache.hadoop.yarn.server.resourcemanager.scheduler.AppSchedulingInfo
(1460656414_2, 820)
org.apache.hadoop.yarn.api.records.impl.pb.ContainerIdPBImpl
(369417485_2, 766)
org.apache.hadoop.ipc.Client$Connection
(1973264778_2, 764)
org.apache.hadoop.yarn.api.records.impl.pb.NodeIdPBImpl
(721936559_2, 718)
org.apache.hadoop.ipc.Client$Connection
(404886265_2, 698)
org.apache.hadoop.yarn.state.StateMachineFactory$InternalStateMachine
(1366781241_2, 692)
org.apache.hadoop.yarn.api.records.impl.pb.ApplicationAttemptIdPBImpl
(327672562_2, 634)
org.apache.hadoop.mapred.MapTask$MapOutputBuffer
(1067364826_2, 574)
org.apache.hadoop.mapreduce.v2.api.records.impl.pb.AMInfoPBImpl
(2007229175_2, 546)
org.apache.hadoop.yarn.api.records.impl.pb.ApplicationIdPBImpl
(924595484_2, 510)
org.apache.hadoop.yarn.state.StateMachineFactory$InternalStateMachine
(922391912_2, 480)
org.apache.hadoop.mapreduce.counters.GenericCounter
(1298484894_2, 478)
org.apache.hadoop.mapreduce.v2.api.records.impl.pb.TaskAttemptIdPBImpl
(1208571359_2, 464)
org.apache.hadoop.mapreduce.lib.output.TextOutputFormat$LineRecordWriter
(153070795_2, 464)
org.apache.hadoop.mapred.Task$CombineOutputCollector
(141040371_2, 460)
org.apache.hadoop.ipc.Client$Connection
(980925140_2, 454)
org.apache.hadoop.yarn.api.records.impl.pb.ContainerIdPBImpl
(1800391151_2, 454)
org.apache.hadoop.yarn.state.StateMachineFactory$InternalStateMachine
(290374196_2, 434)
org.apache.hadoop.yarn.api.records.impl.pb.LocalResourcePBImpl
(1228550250_2, 430)
org.apache.hadoop.mapred.Counters
(20794619_2, 420)
org.apache.hadoop.yarn.state.StateMachineFactory$InternalStateMachine
(1870927982_2, 420)
org.apache.hadoop.yarn.api.records.impl.pb.ContainerIdPBImpl
(1231034100_2, 418)
org.apache.hadoop.yarn.api.records.impl.pb.ApplicationAttemptIdPBImpl
(1132663502_2, 416)
org.apache.hadoop.yarn.api.records.impl.pb.ApplicationIdPBImpl
(750379949_2, 406)
org.apache.hadoop.ipc.Client$Connection
(141278550_2, 394)
org.apache.hadoop.mapreduce.v2.api.records.impl.pb.TaskAttemptIdPBImpl
(173669173_2, 384)
org.apache.hadoop.yarn.state.StateMachineFactory$InternalStateMachine
(22955449_2, 371)
org.apache.hadoop.yarn.service.AbstractService init 
<Class>org.apache.hadoop.yarn.service.AbstractService</Class>
<Method>init</Method>
<Line>-1</Line>
</Stack>
<Stack id="1">
<Class>org.apache.hadoop.mapreduce.v2.app.rm.RMCommunicator</Class>
<Method>init</Method>
<Line>101</Line>
</Stack>
<Stack id="2">
<Class>org.apache.hadoop.mapreduce.v2.app.rm.RMContainerRequestor</Class>
<Method>init</Method>
<Line>127</Line>
</Stack>
<Stack id="3">
<Class>org.apache.hadoop.mapreduce.v2.app.rm.RMContainerAllocator</Class>
<Method>init</Method>
<Line>147</Line>
</Stack>
<Stack id="4">
<Class>org.apache.hadoop.mapreduce.v2.app.MRAppMaster$ContainerAllocatorRouter</Class>
<Method>start</Method>
<Line>666</Line>
</Stack>
<Stack id="5">
<Class>org.apache.hadoop.yarn.service.CompositeService</Class>
<Method>start</Method>
<Line>68</Line>
</Stack>
<Stack id="6">
<Class>org.apache.hadoop.mapreduce.v2.app.MRAppMaster</Class>
<Method>start</Method>
<Line>877</Line>                                                                                                                                                                                                          
</Stack>                                                                                                                                                                                                                  
<Stack id="7">                                                                                                                                                                                                            
<Class>org.apache.hadoop.mapreduce.v2.app.MRAppMaster$1</Class>                                                                                                                                                           
<Method>run</Method>                                                                                                                                                                                                      
<Line>1070</Line>                                                                                                                                                                                                         
</Stack>                                                                                                                                                                                                                  
<Stack id="8">                                                                                                                                                                                                            
<Class>java.security.AccessController</Class>                                                                                                                                                                             
<Method>doPrivileged</Method>                                                                                                                                                                                             
<Line>-2</Line>                                                                                                                                                                                                           
</Stack>                                                                                                                                                                                                                  
<Stack id="9">                                                                                                                                                                                                            
<Class>javax.security.auth.Subject</Class>                                                                                                                                                                                
<Method>doAs</Method>                                                                                                                                                                                                     
<Line>415</Line>                                                                                                                                                                                                          
</Stack>                                                                                                                                                                                                                  
<Stack id="10">                                                                                                                                                                                                           
<Class>org.apache.hadoop.security.UserGroupInformation</Class>                                                                                                                                                            
<Method>doAs</Method>                                                                                                                                                                                                     
<Line>1212</Line>                                                                                                                                                                                                         
</Stack>                                                                                                                                                                                                                  
<Stack id="11">                                                                                                                                                                                                           
<Class>org.apache.hadoop.mapreduce.v2.app.MRAppMaster</Class>                                                                                                                                                             
<Method>initAndStartAppMaster</Method>                                                                                                                                                                                    
<Line>1066</Line>                                                                                                                                                                                                         
</Stack>                                                                                                                                                                                                                  
<Stack id="12">                                                                                                                                                                                                           
<Class>org.apache.hadoop.mapreduce.v2.app.MRAppMaster</Class>                                                                                                                                                             
<Method>main</Method>                                                                                                                                                                                                     
<Line>1025</Line>                                                                                                                                                                                                         
</Stack>                                                                                                                                                                                                                  
</Stacks>                                                                                                                                                                                                                 
</Operation>
(1254876489_2, 338)
org.apache.hadoop.mapreduce.v2.app.speculate.DataStatistics
(2109551138_2, 284)
org.apache.hadoop.yarn.state.StateMachineFactory$InternalStateMachine
(1987405562_2, 262)
org.apache.hadoop.yarn.server.resourcemanager.scheduler.fifo.FifoScheduler
(1318092450_2, 256)
org.apache.hadoop.yarn.util.AbstractLivelinessMonitor
(1473389017_2, 246)
org.apache.hadoop.mapreduce.Job
(640378664_2, 242)
org.apache.hadoop.yarn.util.AbstractLivelinessMonitor
(377283269_2, 238)
org.apache.hadoop.mapreduce.counters.AbstractCounters
(1094766889_2, 238)
org.apache.hadoop.mapreduce.v2.api.records.impl.pb.TaskIdPBImpl
(1137589151_2, 226)
org.apache.hadoop.mapreduce.v2.api.records.impl.pb.TaskIdPBImpl
(107215927_2, 212)
org.apache.hadoop.mapreduce.v2.api.records.impl.pb.JobIdPBImpl
(239305256_2, 212)
org.apache.hadoop.yarn.api.records.impl.pb.ApplicationIdPBImpl
(831801828_2, 208)
org.apache.hadoop.ipc.Client$Connection
(413951616_2, 204)
org.apache.hadoop.mapreduce.v2.api.records.impl.pb.JobIdPBImpl
(1585277479_2, 204)
org.apache.hadoop.yarn.api.records.impl.pb.ApplicationIdPBImpl
(1093820001_2, 200)
org.apache.hadoop.mapred.ClientCache
(1460967037_2, 198)
org.apache.hadoop.mapred.ClientServiceDelegate
(121072130_2, 180)
org.apache.hadoop.yarn.api.records.impl.pb.ContainerIdPBImpl
(776100616_2, 170)
org.apache.hadoop.yarn.api.records.impl.pb.ContainerIdPBImpl
(220900837_2, 166)
org.apache.hadoop.ipc.Client$Connection
(1507387457_2, 158)
org.apache.hadoop.mapreduce.v2.api.records.impl.pb.TaskIdPBImpl
(607595138_2, 146)
(233130146_2, 142)
(1244620446_2, 142)
(1606621259_2, 140)
(1002788747_2, 138)
(24122635_2, 138)
(1891846740_2, 138)
(1702200809_2, 136)
(1214480372_2, 134)
(1394353944_2, 134)
(497744125_2, 134)
(733701093_2, 134)
(2123839753_2, 134)
(972990686_2, 134)
(2079906876_2, 132)
(796406140_2, 132)
(1527413008_2, 130)
(1227975131_2, 130)
(692330088_2, 128)
(1396454495_2, 128)
(566742881_2, 124)
(1157626522_2, 124)
(1927830320_2, 116)
(2049031884_2, 116)
(1881560161_2, 116)
(236299045_2, 116)
(780786012_2, 116)
(463168977_2, 116)
(2000259711_2, 116)
(1691779898_2, 116)
(1957153136_2, 116)
(566410958_2, 116)
(2087031116_2, 116)
(1136703810_2, 116)
(925389570_2, 112)
(945931416_2, 112)
(1105701110_2, 112)
(361919402_2, 112)
(1658051055_2, 108)
(831212191_2, 102)
(691868089_2, 102)
(1775821708_2, 100)
(149988700_2, 100)
(1100307405_2, 100)
(374272512_2, 98)
(1460297432_2, 96)
(2037559265_2, 96)
(1026666335_2, 96)
(1914050408_2, 94)
(2076464871_2, 94)
(908208269_2, 92)
(426936301_2, 92)
(1910013269_2, 90)
(1118732572_2, 88)
(826977108_2, 88)
(767172769_2, 88)
(1096253234_2, 88)
(1624854287_2, 88)
(232140375_2, 88)
(154589967_2, 88)
(396653932_2, 88)
(547550232_2, 88)
(690806672_2, 88)
(1061548401_2, 88)
(1951288566_2, 88)
(533544662_2, 88)
(2102619737_2, 88)
(261294882_2, 88)
(938693467_2, 88)
(1134970210_2, 88)
(347239658_2, 88)
(1531099245_2, 88)
(1334651111_2, 88)
(522427500_2, 88)
(941610484_2, 88)
(2019299433_2, 88)
(1872108915_2, 88)
(802066299_2, 88)
(361227765_2, 88)
(591307096_2, 88)
(512116843_2, 88)
(43585034_2, 88)
(149986227_2, 88)
(1215204230_2, 88)
(1334419156_2, 88)
(272298556_2, 88)
(1394212503_2, 88)
(418507121_2, 88)
(594581735_2, 88)
(1634283607_2, 88)
(1841014894_2, 88)
(180831905_2, 88)
(136131806_2, 88)
(1438647787_2, 88)
(951915660_2, 88)
(1452525544_2, 88)
(1434252175_2, 88)
(892412789_2, 88)
(2037897248_2, 88)
(1859634245_2, 88)
(102045915_2, 88)
(2004691154_2, 88)
(1213389286_2, 88)
(1733930597_2, 88)
(1623740804_2, 88)
(1418815130_2, 88)
(1782107832_2, 88)
(720298692_2, 88)
(509650638_2, 88)
(1156788448_2, 84)
(775546280_2, 80)
(2090097854_2, 80)
(527387397_2, 78)
(308749180_2, 78)
(103848424_2, 78)
(1951918777_2, 78)
(2074994911_2, 78)
(618966861_2, 78)
(1623461276_2, 78)
(275642102_2, 78)
(474493971_2, 78)
(1031847748_2, 78)
(49866718_2, 78)
(2016659469_2, 78)
(1614780922_2, 78)
(987186261_2, 78)
(638607628_2, 78)
(179095546_2, 78)
(288503319_2, 78)
(1664772817_2, 78)
(446758159_2, 78)
(311264637_2, 78)
(1309038707_2, 78)
(912437122_2, 78)
(915177998_2, 78)
(1123721664_2, 78)
(370838838_2, 78)
(27758523_2, 78)
(18956075_2, 78)
(1350020766_2, 78)
(2140358820_2, 78)
(992712605_2, 78)
(1759388157_2, 78)
(1400024422_2, 78)
(2103793323_2, 78)
(1968697888_2, 78)
(547197012_2, 78)
(30913480_2, 78)
(1535736799_2, 78)
(1786675819_2, 78)
(1483273897_2, 78)
(1745690129_2, 78)
(1177613548_2, 78)
(1716552471_2, 78)
(1004098198_2, 78)
(1569981503_2, 78)
(1526232266_2, 78)
(1014129120_2, 78)
(2000830373_2, 78)
(2117266632_2, 78)
(888683049_2, 78)
(228208951_2, 78)
(67191560_2, 78)
(265278591_2, 78)
(1625743624_2, 78)
(344081470_2, 78)
(1578217506_2, 78)
(1388309817_2, 76)
(1392961126_2, 74)
(1718524672_2, 72)
(1736593801_2, 70)
(272253436_2, 68)
(289659072_2, 68)
(1098326800_2, 68)
(68734178_2, 68)
(1130655327_2, 68)
(869801451_2, 68)
(1499156564_2, 68)
(1962198339_2, 68)
(53318101_2, 68)
(1648931616_2, 68)
(342943802_2, 68)
(558942701_2, 68)
(1357556021_2, 68)
(1419991494_2, 68)
(1592394766_2, 68)
(1904578928_2, 68)
(676970361_2, 68)
(1505082339_2, 68)
(867096471_2, 68)
(1099544823_2, 68)
(2003987625_2, 68)
(580048901_2, 68)
(47097293_2, 68)
(1361039266_2, 68)
(1830936522_2, 68)
(858811359_2, 68)
(32180239_2, 68)
(908551001_2, 68)
(811265641_2, 68)
(748160780_2, 68)
(328372425_2, 68)
(880801867_2, 68)
(285983307_2, 68)
(515034646_2, 68)
(1158183959_2, 68)
(484445191_2, 68)
(2078698849_2, 68)
(1956689929_2, 68)
(572503074_2, 68)
(206754372_2, 68)
(1234766619_2, 68)
(1845849350_2, 68)
(507512929_2, 68)
(121842251_2, 68)
(1569793443_2, 68)
(1275659950_2, 68)
(382000971_2, 68)
(1546734408_2, 68)
(1119153461_2, 68)
(67310082_2, 68)
(311229073_2, 68)
(644182274_2, 68)
(62914585_2, 68)
(544108999_2, 68)
(881681108_2, 68)
(334549401_2, 68)
(736025886_2, 66)
(488997092_2, 66)
(1721681125_2, 66)
(49872508_2, 64)
(1671758383_2, 64)
(869307539_2, 64)
(140937098_2, 64)
(1657473355_2, 64)
(584223117_2, 64)
(1457285258_2, 64)
(876849071_2, 64)
(320577121_2, 64)
(224966550_2, 64)
(367842561_2, 64)
(1954493106_2, 64)
(844346352_2, 64)
(54508166_2, 64)
(1587071276_2, 64)
(457438414_2, 64)
(1472730155_2, 64)
(59012633_2, 64)
(510336827_2, 64)
(1884618199_2, 62)
(1528074317_2, 62)
(256059066_2, 60)
(173847410_2, 60)
(986303837_2, 60)
(1586851232_2, 60)
(1912279442_2, 60)
(1655952639_2, 60)
(1671320025_2, 60)
(2021447602_2, 60)
(1684923852_2, 60)
(1545420514_2, 60)
(27113434_2, 60)
(1113455612_2, 58)
(1853555884_2, 56)
(505581534_2, 56)
(1230654848_2, 56)
(1643255138_2, 56)
(1000132450_2, 56)
(447869971_2, 52)
(191197583_2, 48)
(1726099546_2, 48)
(39853229_2, 48)
(2067900494_2, 48)
(1319293616_2, 46)
(234481742_2, 46)
(692544526_2, 46)
(599148837_2, 46)
(1466903150_2, 44)
(249492748_2, 44)
(1886667974_2, 44)
(1470254744_2, 42)
(1184195640_2, 42)
(151049956_2, 42)
(676229147_2, 42)
(605299916_2, 42)
(129292919_2, 42)
(304041989_2, 42)
(1193791402_2, 40)
(1924409587_2, 40)
(968819483_2, 40)
(2128915673_2, 40)
(1571046628_2, 40)
(81594122_2, 40)
(879113141_2, 40)
(775422004_2, 40)
(420419862_2, 40)
(605535417_2, 40)
(1507046534_2, 38)
(1150722576_2, 38)
(105735681_2, 38)
(241185486_2, 38)
(2033285398_2, 38)
(17334753_2, 38)
(768318596_2, 38)
(622358864_2, 38)
(1203266067_2, 38)
(189130624_2, 38)
(959994632_2, 38)
(1627737318_2, 38)
(2068699353_2, 38)
(1426706136_2, 38)
(1595499975_2, 38)
(1032009487_2, 38)
(397762841_2, 38)
(903005126_2, 38)
(286437503_2, 38)
(1859438123_2, 38)
(1689909512_2, 38)
(1260577902_2, 38)
(1778137280_2, 38)
(564882270_2, 38)
(440320692_2, 38)
(504673251_2, 38)
(701818179_2, 38)
(1328237939_2, 38)
(1111481225_2, 38)
(317205577_2, 38)
(908930097_2, 38)
(191385581_2, 38)
(1356935934_2, 38)
(1317163733_2, 38)
(1066288471_2, 38)
(1755019882_2, 38)
(1828915625_2, 38)
(1866124093_2, 38)
(135889525_2, 38)
(195157021_2, 38)
(935491704_2, 38)
(196369530_2, 38)
(1090320065_2, 38)
(2045049876_2, 38)
(1206020360_2, 38)
(1608146854_2, 38)
(1343946279_2, 38)
(662000260_2, 38)
(1134152234_2, 38)
(1299658127_2, 38)
(498785517_2, 38)
(185684663_2, 38)
(1556174877_2, 38)
(1293151015_2, 38)
(1577779219_2, 38)
(1871001795_2, 38)
(1864328529_2, 38)
(221975262_2, 38)
(1286257804_2, 38)
(1715010533_2, 38)
(1430520256_2, 38)
(913316334_2, 38)
(917769430_2, 38)
(1632591063_2, 36)
(1273403824_2, 36)
(1758877054_2, 36)
(1381550137_2, 36)
(737608415_2, 36)
(1037598303_2, 36)
(506698984_2, 36)
(714871113_2, 36)
(1655319241_2, 36)
(481035138_2, 36)
(991725120_2, 36)
(1429428326_2, 36)
(1867075535_2, 36)
(1396937704_2, 36)
(204839137_2, 36)
(1254221032_2, 36)
(886815702_2, 36)
(1593255189_2, 36)
(998505840_2, 36)
(1437572221_2, 36)
(965047496_2, 36)
(179872054_2, 36)
(1785438568_2, 36)
(859647405_2, 36)
(1063004450_2, 36)
(1420852971_2, 36)
(1355818759_2, 36)
(486414773_2, 36)
(1519734689_2, 36)
(1878251932_2, 36)
(244979161_2, 36)
(2089475988_2, 36)
(553687527_2, 36)
(959367256_2, 36)
(465184002_2, 36)
(155625682_2, 36)
(1583467451_2, 36)
(1963863809_2, 36)
(1424367694_2, 36)
(412153403_2, 36)
(368424358_2, 36)
(33435710_2, 36)
(2113679829_2, 36)
(2033903956_2, 36)
(991985399_2, 36)
(313774560_2, 36)
(68257553_2, 36)
(725015365_2, 36)
(1740888227_2, 36)
(1606523396_2, 36)
(1817524581_2, 36)
(1271973067_2, 36)
(2076447977_2, 36)
(493234824_2, 36)
(559438122_2, 36)
(1371589849_2, 36)
(1717986136_2, 36)
(135123083_2, 36)
(1858212781_2, 36)
(1824114183_2, 36)
(890255506_2, 36)
(1747074843_2, 36)
(1100676879_2, 36)
(286673104_2, 36)
(1936901829_2, 36)
(521582310_2, 36)
(1405677773_2, 36)
(1881123565_2, 36)
(166166205_2, 36)
(1549832046_2, 36)
(145230272_2, 36)
(2068664463_2, 36)
(89347018_2, 36)
(1576408237_2, 36)
(766846722_2, 36)
(2129976925_2, 36)
(733723223_2, 36)
(1808616780_2, 36)
(283105375_2, 36)
(867417817_2, 36)
(1909624459_2, 36)
(2107959398_2, 36)
(460983663_2, 36)
(1553463586_2, 36)
(368763280_2, 36)
(480095317_2, 36)
(1842846681_2, 36)
(1810243219_2, 36)
(584536607_2, 36)
(627551013_2, 36)
(1781286978_2, 36)
(841668754_2, 36)
(891725980_2, 36)
(1738205829_2, 36)
(399393050_2, 36)
(861912817_2, 36)
(1875977008_2, 36)
(1817130931_2, 36)
(1656232185_2, 36)
(710381399_2, 36)
(1797563540_2, 36)
(336120375_2, 36)
(2099229108_2, 36)
(1059984772_2, 36)
(565246759_2, 36)
(817716618_2, 36)
(1212078955_2, 36)
(1618355791_2, 36)
(1119266035_2, 36)
(655028946_2, 36)
(870136358_2, 36)
(1629063210_2, 36)
(1336536692_2, 36)
(942414431_2, 36)
(1621418420_2, 36)
(1043064988_2, 36)
(1045649737_2, 36)
(1573267225_2, 36)
(339148258_2, 36)
(96060350_2, 36)
(456508664_2, 36)
(1764797472_2, 36)
(1219720785_2, 36)
(393199225_2, 36)
(1406392807_2, 36)
(39737982_2, 36)
(487090258_2, 36)
(1530492014_2, 36)
(1518491988_2, 36)
(611300881_2, 36)
(1303392919_2, 36)
(1137961419_2, 36)
(1811047991_2, 34)
(10524970_2, 34)
(1572716377_2, 33)
(1386227095_2, 32)
(607260577_2, 32)
(1797279368_2, 32)
(1534568664_2, 32)
(624039901_2, 32)
(609244131_2, 32)
(453433487_2, 32)
(865735653_2, 32)
(837524245_2, 32)
(274162779_2, 32)
(1633279654_2, 32)
(98198174_2, 32)
(1780364137_2, 32)
(441844293_2, 32)
(343682676_2, 32)
(2040159124_2, 32)
(1056918815_2, 32)
(726790765_2, 32)
(1732201596_2, 32)
(1462733036_2, 32)
(1598178664_2, 32)
(302145549_2, 32)
(1301670340_2, 30)
(1250352503_2, 30)
(2091766687_2, 30)
(1590651455_2, 30)
(918729171_2, 30)
(2060526438_2, 30)
(555239575_2, 30)
(1769406750_2, 30)
(474526541_2, 30)
(1131620892_2, 30)
(1943119327_2, 30)
(159842295_2, 30)
(1287073227_2, 30)
(1038735059_2, 30)
(415632016_2, 30)
(1823749070_2, 30)
(173878809_2, 30)
(994741941_2, 30)
(232597776_2, 30)
(1366892587_2, 30)
(1859742409_2, 30)
(581693160_2, 30)
(1692016692_2, 30)
(912639423_2, 30)
(50571000_2, 30)
(1541966917_2, 30)
(1103432089_2, 30)
(1452905492_2, 30)
(287477318_2, 30)
(1001360617_2, 30)
(875070127_2, 30)
(1607874748_2, 30)
(295178816_2, 30)
(104014779_2, 30)
(1494176377_2, 30)
(806289174_2, 30)
(399918920_2, 30)
(1592245403_2, 30)
(1004524356_2, 30)
(1252154053_2, 30)
(1856507825_2, 30)
(566515244_2, 30)
(634691565_2, 30)
(1451157916_2, 30)
(995054220_2, 30)
(1938034723_2, 30)
(396079015_2, 30)
(974367576_2, 30)
(368403943_2, 30)
(1865518116_2, 30)
(2121708221_2, 30)
(1799292925_2, 30)
(730002236_2, 30)
(639041682_2, 30)
(1505081669_2, 30)
(7891229_2, 30)
(2002648252_2, 30)
(169681714_2, 30)
(1604976719_2, 30)
(125132168_2, 30)
(792053020_2, 30)
(2087173187_2, 30)
(1565593625_2, 30)
(1505691953_2, 30)
(1613462790_2, 30)
(313003683_2, 30)
(456804850_2, 30)
(303291536_2, 30)
(1434815985_2, 30)
(800257841_2, 30)
(13348053_2, 30)
(1068015866_2, 30)
(1958981833_2, 30)
(944826955_2, 30)
(1421342842_2, 30)
(1390497608_2, 30)
(1923668514_2, 30)
(2010622582_2, 30)
(2028020240_2, 30)
(1671400522_2, 30)
(931355050_2, 30)
(954803500_2, 30)
(702919612_2, 30)
(455236957_2, 30)
(1378045124_2, 30)
(1428856252_2, 30)
(1121447105_2, 30)
(1034786146_2, 30)
(1390320528_2, 30)
(1011503161_2, 30)
(588378157_2, 30)
(404622931_2, 30)
(210843756_2, 30)
(1449013918_2, 30)
(589657419_2, 30)
(1355190579_2, 30)
(1119042085_2, 30)
(855750152_2, 30)
(1935338635_2, 30)
(1054745237_2, 30)
(16718710_2, 30)
(806331698_2, 30)
(1406347767_2, 30)
(2025055786_2, 30)
(1974212889_2, 30)
(331002273_2, 30)
(25335705_2, 30)
(537827418_2, 30)
(379537771_2, 30)
(397694580_2, 30)
(1782879005_2, 30)
(862414982_2, 30)
(1906410096_2, 30)
(593492049_2, 30)
(1986213973_2, 30)
(919018842_2, 30)
(1618951259_2, 30)
(1797952629_2, 30)
(1880169837_2, 30)
(727475792_2, 30)
(78469919_2, 30)
(550261168_2, 30)
(963717545_2, 30)
(460218099_2, 30)
(1246500471_2, 30)
(653151156_2, 30)
(52859829_2, 30)
(651594350_2, 28)
(1246062529_2, 28)
(1905514837_2, 28)
(1632331815_2, 28)
(1668603190_2, 28)
(1584636453_2, 28)
(1793256221_2, 28)
(299236712_2, 28)
(1273507386_2, 28)
(1595462137_2, 28)
(654214707_2, 28)
(726326759_2, 28)
(1486141542_2, 26)
(1598803970_2, 26)
(679000680_2, 26)
(2071566859_2, 26)
(189618996_2, 26)
(141340300_2, 26)
(334615246_2, 26)
(185507723_2, 26)
(2016610500_2, 26)
(42534330_2, 26)
(2053331376_2, 26)
(69567526_2, 26)
(770018618_2, 26)
(1667969614_2, 26)
(1585756546_2, 26)
(659037559_2, 26)
(498950136_2, 26)
(1313970173_2, 26)
(846918355_2, 26)
(690675284_2, 26)
(448454299_2, 26)
(2030091026_2, 26)
(1804152596_2, 26)
(1017015096_2, 26)
(1551735995_2, 26)
(819471252_2, 26)
(1693404377_2, 26)
(1003006011_2, 26)
(639090459_2, 26)
(1653514852_2, 26)
(354862036_2, 26)
(1414943481_2, 26)
(350626852_2, 26)
(606220579_2, 26)
(473914082_2, 26)
(809474981_2, 26)
(592177003_2, 26)
(1317993683_2, 26)
(1853735863_2, 26)
(603166482_2, 26)
(1538209352_2, 26)
(2010636688_2, 26)
(1828113185_2, 26)
(2095346863_2, 26)
(1079201129_2, 26)
(328642110_2, 26)
(258998945_2, 26)
(850341094_2, 26)
(94693537_2, 26)
(369350923_2, 26)
(2085516682_2, 26)
(2129209119_2, 26)
(1157291951_2, 26)
(1553442067_2, 26)
(1724796060_2, 26)
(344406030_2, 26)
(1276436478_2, 26)
(477048578_2, 26)
(793109888_2, 26)
(197362867_2, 26)
(2094271389_2, 26)
(1733125034_2, 26)
(1562991332_2, 26)
(848034544_2, 26)
(1796164275_2, 26)
(53381600_2, 26)
(1342095067_2, 26)
(510809548_2, 26)
(1074666111_2, 26)
(1250705485_2, 26)
(733496140_2, 26)
(1311988876_2, 26)
(1945805586_2, 26)
(1914299776_2, 26)
(153120128_2, 26)
(1443640826_2, 24)
(2115629671_2, 24)
(1372359523_2, 24)
(1501137118_2, 24)
(983262568_2, 24)
(1350798625_2, 24)
(246064804_2, 24)
(924114917_2, 24)
(43623380_2, 24)
(1278551274_2, 24)
(804919226_2, 24)
(1304935136_2, 22)
(22850925_2, 22)
(268699362_2, 22)
(1532657223_2, 22)
(1829932785_2, 22)
(2124277551_2, 22)
(775027638_2, 22)
(1658239300_2, 22)
(487679972_2, 22)
(1578179420_2, 22)
(1657696937_2, 22)
(1030557729_2, 22)
(1950244829_2, 22)
(364627239_2, 22)
(618868414_2, 22)
(107137910_2, 22)
(454587433_2, 22)
(429068074_2, 22)
(1902818577_2, 22)
(1355190230_2, 22)
(1748880723_2, 22)
(176496772_2, 22)
(369359274_2, 22)
(1070320900_2, 22)
(1303507473_2, 22)
(393903022_2, 22)
(687713135_2, 22)
(1299240955_2, 22)
(290655587_2, 22)
(680411700_2, 22)
(690941635_2, 22)
(111288087_2, 22)
(991063630_2, 22)
(411987071_2, 22)
(101650519_2, 22)
(1678141078_2, 22)
(1691684071_2, 20)
(1936125290_2, 20)
(8849257_2, 20)
(432346750_2, 20)
(2055792620_2, 20)
(811443861_2, 20)
(1250796966_2, 20)
(1541760990_2, 20)
(1612593923_2, 20)
(1687531649_2, 20)
(209968446_2, 20)
(533842794_2, 20)
(896431843_2, 20)
(1989921383_2, 20)
(1020757706_2, 20)
(413138571_2, 20)
(619173267_2, 20)
(1898106221_2, 20)
(29394673_2, 20)
(578733533_2, 20)
(2142350877_2, 20)
(1183022106_2, 20)
(377194813_2, 20)
(925391180_2, 20)
(1968230686_2, 20)
(1611061290_2, 20)
(108323149_2, 20)
(493579894_2, 20)
(1795811222_2, 20)
(1534262041_2, 20)
(572139719_2, 20)
(2054296265_2, 20)
(770280031_2, 20)
(186145308_2, 18)
(1418029183_2, 18)
(1400967838_2, 18)
(2108161556_2, 18)
(886224033_2, 18)
(40664863_2, 18)
(987796212_2, 18)
(404057375_2, 18)
(807316711_2, 18)
(641260888_2, 18)
(1950438601_2, 18)
(910294156_2, 18)
(864602023_2, 18)
(1984873408_2, 18)
(1240017467_2, 18)
(1830740427_2, 18)
(298048010_2, 18)
(1089370567_2, 18)
(45898765_2, 18)
(1592158853_2, 18)
(1954810794_2, 17)
(1471032555_2, 16)
(796363646_2, 16)
(81741815_2, 16)
(978758920_2, 16)
(1662163277_2, 16)
(1343491007_2, 16)
(1094921942_2, 16)
(1345200367_2, 16)
(1026239926_2, 16)
(1875289358_2, 16)
(1870902117_2, 16)
(1581573931_2, 16)
(329021625_2, 16)
(1703628224_2, 16)
(811270547_2, 16)
(1611090843_2, 16)
(1872092719_2, 16)
(320760732_2, 16)
(734919784_2, 16)
(1716013655_2, 16)
(1751622208_2, 16)
(1687529306_2, 16)
(552466830_2, 16)
(637109348_2, 16)
(63654433_2, 16)
(1194901698_2, 16)
(101244359_2, 16)
(1523946357_2, 16)
(1305933998_2, 16)
(1488514182_2, 16)
(1942513696_2, 16)
(1771336495_2, 16)
(734781593_2, 16)
(893810654_2, 16)
(1166833616_2, 16)
(715212992_2, 16)
(2098592150_2, 16)
(709321829_2, 16)
(1827702185_2, 16)
(806022505_2, 16)
(1435592680_2, 16)
(985840334_2, 16)
(389887086_2, 16)
(1128974490_2, 16)
(1724331856_2, 16)
(1096548524_2, 16)
(1088816488_2, 16)
(1700081283_2, 16)
(1102796067_2, 16)
(1211980116_2, 16)
(1416763471_2, 16)
(759939152_2, 16)
(244001180_2, 16)
(616642708_2, 16)
(1233446857_2, 16)
(1418767711_2, 16)
(947587414_2, 16)
(1315090106_2, 16)
(1248661141_2, 16)
(705029749_2, 16)
(51892751_2, 16)
(2136990399_2, 16)
(1014529662_2, 16)
(1630407554_2, 16)
(2029326140_2, 16)
(2109798478_2, 16)
(1681496890_2, 16)
(1077470040_2, 16)
(1104680652_2, 16)
(1198862601_2, 16)
(1848274437_2, 16)
(124643656_2, 16)
(1070761142_2, 16)
(1678399235_2, 16)
(484971857_2, 16)
(671965469_2, 16)
(869780941_2, 16)
(1305486143_2, 16)
(1582146382_2, 16)
(107241100_2, 16)
(406285272_2, 16)
(1276714447_2, 16)
(1704349466_2, 16)
(1696711246_2, 16)
(1054401922_2, 16)
(1455616461_2, 16)
(1414712572_2, 16)
(735699780_2, 16)
(44420926_2, 16)
(1940382336_2, 16)
(1488281804_2, 16)
(1494566816_2, 16)
(107381234_2, 16)
(942304350_2, 16)
(2016611207_2, 16)
(246900029_2, 16)
(384754406_2, 16)
(1359486212_2, 16)
(1908600241_2, 16)
(773394836_2, 16)
(2132627981_2, 16)
(1091140622_2, 16)
(456904322_2, 16)
(1639031485_2, 16)
(1618341655_2, 16)
(520558030_2, 16)
(976367547_2, 16)
(1604799699_2, 16)
(267072_2, 16)
(433452010_2, 16)
(1289069941_2, 16)
(1518236534_2, 16)
(1691527803_2, 16)
(1804996042_2, 16)
(1153766106_2, 16)
(1178745389_2, 16)
(666274791_2, 16)
(380911995_2, 16)
(1573369665_2, 16)
(160748533_2, 16)
(1001210918_2, 16)
(2042000429_2, 16)
(865576638_2, 16)
(1805509447_2, 16)
(1325375508_2, 16)
(1946916600_2, 16)
(243623768_2, 16)
(1614361895_2, 16)
(1633295711_2, 16)
(778177802_2, 16)
(1021065473_2, 16)
(694798305_2, 16)
(166550654_2, 16)
(937028273_2, 16)
(1847946161_2, 16)
(1542649122_2, 16)
(1192275201_2, 16)
(1664038246_2, 16)
(466359555_2, 16)
(834974536_2, 16)
(2019551140_2, 16)
(70345377_2, 16)
(1208954379_2, 16)
(93327470_2, 16)
(1309078744_2, 16)
(661044896_2, 16)
(367392865_2, 16)
(2033977474_2, 16)
(453038763_2, 16)
(729007989_2, 16)
(1115359418_2, 16)
(722361133_2, 16)
(992937482_2, 16)
(637532222_2, 16)
(642482466_2, 16)
(1603784651_2, 16)
(1700345264_2, 16)
(1128138248_2, 16)
(1962891902_2, 16)
(2054843410_2, 16)
(1541694370_2, 16)
(1434250948_2, 16)
(1729597277_2, 16)
(2126507306_2, 16)
(633630281_2, 16)
(1624155917_2, 16)
(1032199898_2, 16)
(1533320559_2, 16)
(1383049332_2, 16)
(1285765378_2, 16)
(197562848_2, 16)
(190563009_2, 16)
(639172673_2, 16)
(711883085_2, 16)
(1056503729_2, 16)
(2027708181_2, 16)
(971552546_2, 16)
(779424369_2, 16)
(931343943_2, 16)
(1705140353_2, 16)
(1868937315_2, 16)
(1434901326_2, 16)
(1316218573_2, 16)
(295913284_2, 16)
(184868535_2, 16)
(1598243876_2, 16)
(311473561_2, 16)
(1075557184_2, 16)
(2108105319_2, 16)
(840238722_2, 16)
(311287813_2, 16)
(1099011244_2, 16)
(2014368518_2, 16)
(1681793106_2, 16)
(1070989601_2, 16)
(113401850_2, 16)
(637671791_2, 16)
(705754279_2, 16)
(973657270_2, 16)
(1790734202_2, 16)
(2076280355_2, 16)
(1624640026_2, 16)
(543347894_2, 16)
(1275353837_2, 16)
(1048422504_2, 16)
(1822857938_2, 16)
(5981515_2, 16)
(159754688_2, 16)
(929017890_2, 16)
(367473622_2, 16)
(1573570460_2, 16)
(471385416_2, 16)
(1683936177_2, 16)
(490090772_2, 16)
(1535608090_2, 16)
(234178935_2, 16)
(1716563771_2, 16)
(2080256126_2, 16)
(218776286_2, 16)
(77567573_2, 16)
(777649446_2, 16)
(1106898724_2, 16)
(197185033_2, 16)
(1791887467_2, 16)
(1341025246_2, 16)
(1183679710_2, 16)
(1335465504_2, 16)
(205464839_2, 16)
(1461698714_2, 16)
(873312397_2, 16)
(99370418_2, 16)
(507720350_2, 16)
(362885639_2, 16)
(691406481_2, 14)
(1893704821_2, 14)
(415696918_2, 14)
(703976177_2, 14)
(1010835263_2, 14)
(771268072_2, 14)
(854672661_2, 14)
(1250217178_2, 14)
(1009511239_2, 14)
(1774411384_2, 14)
(983787543_2, 14)
(482914440_2, 14)
(141251868_2, 14)
(1508432256_2, 14)
(440396847_2, 14)
(1565971064_2, 14)
(1033459667_2, 14)
(599197435_2, 14)
(1770346016_2, 14)
(362056011_2, 14)
(1011995339_2, 14)
(301368449_2, 14)
(263852302_2, 14)
(1470890243_2, 14)
(1603804810_2, 14)
(704061609_2, 14)
(206176_2, 14)
(1067404573_2, 14)
(356497793_2, 14)
(355265746_2, 14)
(1185099515_2, 14)
(19066577_2, 14)
(501639053_2, 14)
(974902591_2, 14)
(1662964370_2, 14)
(2025141914_2, 14)
(759673793_2, 14)
(1448986681_2, 14)
(869956017_2, 14)
(954793643_2, 14)
(2036972939_2, 14)
(1502428873_2, 14)
(1916916155_2, 14)
(1842343774_2, 14)
(1885988345_2, 14)
(1253722847_2, 14)
(1139437649_2, 14)
(687506922_2, 14)
(1798032557_2, 14)
(953542698_2, 14)
(472801628_2, 14)
(607141206_2, 14)
(2072291110_2, 14)
(1345975507_2, 14)
(581501261_2, 14)
(188234411_2, 14)
(2067022675_2, 14)
(711606841_2, 14)
(1325013996_2, 14)
(2009351152_2, 14)
(229997071_2, 14)
(127770871_2, 14)
(286950539_2, 14)
(569432405_2, 14)
(808185773_2, 14)
(1039237197_2, 14)
(1144737226_2, 14)
(258648046_2, 14)
(1821829306_2, 14)
(686707092_2, 14)
(1250313942_2, 14)
(931931099_2, 14)
(1202586031_2, 14)
(15424781_2, 14)
(627675510_2, 14)
(1955920486_2, 14)
(1585413697_2, 14)
(2118149398_2, 14)
(1914504256_2, 14)
(2115896650_2, 14)
(1894692181_2, 14)
(1263914347_2, 14)
(1527442345_2, 14)
(1754740764_2, 14)
(405478387_2, 14)
(489759630_2, 14)
(1547555875_2, 14)
(1716883281_2, 14)
(1395004194_2, 14)
(1948488022_2, 14)
(934856303_2, 14)
(407866163_2, 14)
(1487415085_2, 14)
(659296406_2, 14)
(1544073922_2, 14)
(2140749953_2, 14)
(2116547143_2, 14)
(1041438626_2, 14)
(1081914407_2, 14)
(210964493_2, 13)
(2112782291_2, 12)
(1269980033_2, 12)
(997055366_2, 12)
(508886333_2, 12)
(1604705979_2, 12)
(225936843_2, 12)
(1073167762_2, 12)
(26765649_2, 12)
(1325547591_2, 12)
(1367743322_2, 12)
(363226100_2, 12)
(581093009_2, 12)
(1203968351_2, 12)
(1254204926_2, 12)
(296298527_2, 12)
(1888703493_2, 12)
(210345165_2, 12)
(378918998_2, 12)
(2080188173_2, 12)
(128198868_2, 12)
(1937755020_2, 12)
(1209347085_2, 12)
(415566431_2, 12)
(1091827295_2, 12)
(716486893_2, 12)
(418447922_2, 12)
(90207697_2, 12)
(718827490_2, 12)
(434712250_2, 12)
(143304915_2, 12)
(1857389206_2, 12)
(48501460_2, 12)
(466700640_2, 12)
(362940946_2, 12)
(1416886444_2, 12)
(1333082717_2, 12)
(590807594_2, 12)
(654590587_2, 12)
(840680499_2, 12)
(1060144791_2, 12)
(1174358720_2, 12)
(183916442_2, 12)
(1669151372_2, 12)
(1470551163_2, 12)
(819561727_2, 12)
(1020445249_2, 12)
(1847677552_2, 12)
(1061358332_2, 12)
(535178333_2, 12)
(1926560769_2, 12)
(844388456_2, 12)
(1058016706_2, 12)
(1900938115_2, 12)
(1786272239_2, 12)
(1693285877_2, 12)
(1789278007_2, 12)
(663307016_2, 12)
(1803650731_2, 12)
(991399300_2, 12)
(1466817194_2, 12)
(1522287787_2, 12)
(365133824_2, 12)
(491192812_2, 12)
(1467264132_2, 12)
(946854362_2, 12)
(611815278_2, 12)
(1235517642_2, 12)
(1545861629_2, 12)
(926814604_2, 12)
(1769080364_2, 12)
(535096297_2, 12)
(528567493_2, 12)
(1317716385_2, 12)
(1108398361_2, 12)
(1093227244_2, 12)
(1910325248_2, 12)
(1828878854_2, 12)
(859376458_2, 12)
(755652312_2, 12)
(1282108943_2, 12)
(292563909_2, 12)
(2108865544_2, 12)
(902622506_2, 12)
(1160469262_2, 12)
(345558861_2, 12)
(898937299_2, 12)
(822241569_2, 12)
(93616130_2, 12)
(995585163_2, 12)
(1263299803_2, 12)
(900515867_2, 12)
(1984462589_2, 12)
(1844382877_2, 12)
(1863578663_2, 12)
(1560325680_2, 12)
(1358143565_2, 12)
(2009295043_2, 12)
(737709967_2, 12)
(1521159967_2, 12)
(108662373_2, 12)
(914488986_2, 12)
(1796951212_2, 12)
(1221555851_2, 12)
(11908659_2, 12)
(1623423573_2, 12)
(426724999_2, 12)
(1002291067_2, 12)
(1139523069_2, 12)
(20650567_2, 12)
(1929143701_2, 12)
(1669153374_2, 12)
(1420108398_2, 12)
(122924992_2, 12)
(1924659081_2, 12)
(219885299_2, 12)
(344219536_2, 12)
(1894821100_2, 12)
(852609563_2, 12)
(1467445192_2, 12)
(104811382_2, 12)
(1008915896_2, 12)
(70913503_2, 12)
(1564521126_2, 12)
(67201951_2, 12)
(1218947517_2, 12)
(987940300_2, 12)
(643438233_2, 12)
(639746544_2, 12)
(1266125467_2, 12)
(975068928_2, 12)
(1851266220_2, 12)
(535025485_2, 12)
(49248182_2, 12)
(1040636948_2, 12)
(238800317_2, 12)
(677495697_2, 12)
(908976266_2, 12)
(1668516234_2, 12)
(1568053484_2, 12)
(173776127_2, 12)
(1852587172_2, 12)
(853797135_2, 12)
(2071291565_2, 12)
(1050715541_2, 12)
(223997494_2, 12)
(268683974_2, 12)
(1772666703_2, 12)
(1756514259_2, 12)
(1260052651_2, 12)
(217608651_2, 12)
(1977065046_2, 12)
(266287688_2, 12)
(1792894061_2, 12)
(2045260799_2, 10)
(1515367969_2, 10)
(1236714042_2, 10)
(1528831533_2, 10)
(1107966583_2, 10)
(973287495_2, 10)
(446164676_2, 10)
(1329212402_2, 10)
(1240093422_2, 10)
(1109187050_2, 10)
(1621859392_2, 10)
(51890918_2, 10)
(219970462_2, 10)
(439284270_2, 10)
(1287645379_2, 10)
(1525468063_2, 10)
(1750551321_2, 10)
(1117036094_2, 10)
(35174668_2, 10)
(887869630_2, 10)
(1853417498_2, 10)
(1275373912_2, 10)
(1834440308_2, 10)
(1265795115_2, 10)
(1852623664_2, 10)
(180858171_2, 10)
(559133595_2, 10)
(784360283_2, 10)
(1260179047_2, 10)
(2044617326_2, 10)
(268522983_2, 10)
(1824849762_2, 10)
(1455217377_2, 10)
(1057763420_2, 10)
(88536719_2, 10)
(1861077699_2, 10)
(726006040_2, 10)
(1392156763_2, 10)
(2128905378_2, 10)
(1692804609_2, 10)
(2143397528_2, 10)
(407563874_2, 10)
(199635156_2, 10)
(1935192516_2, 10)
(1124013138_2, 10)
(774340296_2, 10)
(1102328742_2, 10)
(393169037_2, 10)
(1064840616_2, 10)
(1636064499_2, 10)
(798186354_2, 10)
(448153501_2, 10)
(1336959168_2, 10)
(1434787673_2, 10)
(975434125_2, 10)
(257265481_2, 10)
(314701200_2, 10)
(2031965855_2, 10)
(252298144_2, 10)
(585140113_2, 10)
(1465249447_2, 10)
(2027921901_2, 10)
(1004061188_2, 10)
(890431193_2, 10)
(714447098_2, 10)
(1254412540_2, 10)
(730055638_2, 10)
(1526664780_2, 10)
(1474616146_2, 10)
(1501370884_2, 10)
(263264514_2, 10)
(1297966852_2, 10)
(1863144731_2, 10)
(1059479718_2, 10)
(1227377636_2, 10)
(1310364472_2, 10)
(141760081_2, 10)
(1601945612_2, 10)
(132465699_2, 10)
(2124106527_2, 10)
(714387668_2, 10)
(272918754_2, 10)
(440514849_2, 10)
(636603905_2, 10)
(1644259994_2, 10)
(779499292_2, 10)
(586924493_2, 10)
(679791135_2, 10)
(145664343_2, 10)
(1927455374_2, 10)
(399107363_2, 10)
(658907984_2, 10)
(1968635741_2, 10)
(1820927156_2, 10)
(1948693390_2, 10)
(1964164629_2, 10)
(214401074_2, 10)
(2107096971_2, 10)
(461769709_2, 10)
(974728434_2, 10)
(1813483193_2, 10)
(1756909712_2, 10)
(18079595_2, 10)
(382547948_2, 10)
(1258149562_2, 10)
(2028226450_2, 10)
(896684873_2, 10)
(558504542_2, 10)
(1396451694_2, 10)
(745522437_2, 10)
(729356108_2, 10)
(930029516_2, 10)
(1442527274_2, 10)
(1264472069_2, 10)
(1020341309_2, 10)
(1122259578_2, 10)
(1081448749_2, 10)
(1272117433_2, 10)
(2143472871_2, 10)
(786067848_2, 10)
(704586092_2, 10)
(2042464895_2, 10)
(1033073165_2, 10)
(1245490623_2, 10)
(929570283_2, 10)
(1633530134_2, 10)
(1224198347_2, 10)
(1393389603_2, 10)
(1433271932_2, 10)
(1627691831_2, 10)
(1717562103_2, 10)
(442600008_2, 10)
(1840560387_2, 10)
(328677993_2, 10)
(1221465987_2, 10)
(1459509978_2, 10)
(1081289441_2, 10)
(596297919_2, 10)
(870373978_2, 10)
(1899992287_2, 10)
(586454052_2, 10)
(73200753_2, 10)
(1425984212_2, 10)
(1764052941_2, 10)
(1762590263_2, 10)
(1553688339_2, 10)
(1382661836_2, 10)
(714711804_2, 10)
(165229693_2, 10)
(1268321238_2, 10)
(1655502282_2, 10)
(1022233080_2, 10)
(356781738_2, 10)
(1677095678_2, 10)
(254613242_2, 10)
(1765096248_2, 10)
(1763973732_2, 10)
(520343104_2, 10)
(1664268916_2, 10)
(1811008455_2, 10)
(231177677_2, 10)
(1955009308_2, 10)
(1411271722_2, 10)
(2079848000_2, 10)
(74571078_2, 10)
(397562574_2, 10)
(518291410_2, 10)
(58820026_2, 10)
(1468560453_2, 10)
(114409010_2, 10)
(723589784_2, 10)
(1587044949_2, 10)
(1385279245_2, 10)
(1935882440_2, 10)
(1613003135_2, 10)
(1973659639_2, 10)
(1366219289_2, 10)
(112379493_2, 10)
(1822059354_2, 10)
(1847808918_2, 10)
(51790572_2, 10)
(520409475_2, 10)
(455398160_2, 10)
(1363465559_2, 10)
(194848872_2, 10)
(531372604_2, 10)
(1620092546_2, 10)
(650408626_2, 10)
(316731459_2, 10)
(173606727_2, 10)
(1184377691_2, 10)
(1228723042_2, 10)
(13527038_2, 10)
(1229879685_2, 10)
(861473250_2, 10)
(1774912394_2, 10)
(622642151_2, 10)
(533890632_2, 10)
(1274157737_2, 10)
(319094680_2, 10)
(787196854_2, 10)
(1102749519_2, 10)
(270964396_2, 10)
(2035987127_2, 10)
(1642326773_2, 10)
(266252377_2, 10)
(789995338_2, 10)
(1820238150_2, 10)
(932990779_2, 10)
(1542351202_2, 10)
(1411695258_2, 10)
(200228990_2, 10)
(198999606_2, 10)
(184823040_2, 10)
(1645200225_2, 10)
(359297882_2, 10)
(1673412732_2, 10)
(692401838_2, 10)
(890741278_2, 10)
(1965170391_2, 10)
(244683398_2, 10)
(540219333_2, 10)
(1267736007_2, 10)
(2098261983_2, 10)
(1613962635_2, 10)
(2096450263_2, 10)
(1487111876_2, 10)
(2036127064_2, 10)
(1695263538_2, 10)
(1252475580_2, 10)
(532300618_2, 10)
(856372887_2, 10)
(507043876_2, 10)
(1478038936_2, 10)
(529137739_2, 10)
(1151338015_2, 10)
(918224828_2, 10)
(1596204804_2, 10)
(1841154147_2, 10)
(1521535650_2, 10)
(1741901282_2, 10)
(130506899_2, 10)
(1716899680_2, 10)
(19906995_2, 10)
(2067912133_2, 10)
(2142971057_2, 10)
(1780885210_2, 10)
(721359612_2, 10)
(408969435_2, 10)
(1527258117_2, 10)
(2718912_2, 10)
(693756260_2, 10)
(228483375_2, 10)
(990088147_2, 10)
(1085952828_2, 10)
(1490560595_2, 10)
(1947504_2, 10)
(680522995_2, 10)
(1992764776_2, 10)
(763088267_2, 10)
(1743603162_2, 10)
(95768052_2, 10)
(2077171595_2, 10)
(1911518943_2, 10)
(1456618479_2, 10)
(668358694_2, 10)
(1497333470_2, 10)
(268237159_2, 10)
(1713747091_2, 10)
(428678738_2, 10)
(154208175_2, 10)
(1902623475_2, 10)
(1066393004_2, 10)
(1243851420_2, 10)
(2041400037_2, 10)
(1285307037_2, 10)
(1931335885_2, 10)
(1973851504_2, 10)
(1097677510_2, 10)
(764734293_2, 10)
(1219459068_2, 10)
(1758531779_2, 10)
(1020548632_2, 10)
(882826745_2, 10)
(1781382840_2, 10)
(1226837099_2, 10)
(1651654052_2, 10)
(1695230079_2, 10)
(314842995_2, 10)
(428161768_2, 10)
(2085941581_2, 10)
(2131291820_2, 10)
(998376890_2, 10)
(1385455191_2, 10)
(1741307302_2, 10)
(1786864416_2, 10)
(1533488630_2, 10)
(1065978600_2, 10)
(1723257256_2, 10)
(164103218_2, 10)
(749614592_2, 10)
(532984807_2, 10)
(580869973_2, 10)
(1997562435_2, 10)
(1202632934_2, 10)
(239149325_2, 10)
(2065926196_2, 10)
(533518592_2, 10)
(1660180894_2, 10)
(2052953862_2, 10)
(1969908131_2, 10)
(1430656219_2, 10)
(1047563180_2, 10)
(841820589_2, 10)
(564349542_2, 10)
(987612158_2, 10)
(241222882_2, 10)
(671312636_2, 10)
(1820199258_2, 10)
(624102633_2, 10)
(15536577_2, 10)
(344214456_2, 10)
(659989266_2, 10)
(982820883_2, 10)
(370939738_2, 10)
(180210716_2, 10)
(419322789_2, 10)
(483892971_2, 10)
(1333141745_2, 10)
(926516477_2, 10)
(125594713_2, 10)
(1635915482_2, 10)
(489499065_2, 10)
(745699362_2, 10)
(2059913676_2, 10)
(1738110055_2, 10)
(596980494_2, 10)
(1035063387_2, 10)
(1734618101_2, 10)
(1023041677_2, 10)
(2117375540_2, 10)
(131460329_2, 10)
(726013952_2, 10)
(1192932828_2, 10)
(763657344_2, 10)
(1035649703_2, 10)
(1662152747_2, 10)
(661957457_2, 10)
(1012555401_2, 10)
(2015686082_2, 10)
(1477945129_2, 10)
(1414013781_2, 10)
(1225013973_2, 10)
(933798_2, 10)
(1439666593_2, 10)
(183551903_2, 9)
(328259610_2, 9)
(1002316844_2, 8)
(1067852778_2, 8)
(1608717777_2, 8)
(2133632183_2, 8)
(1708189673_2, 8)
(770434257_2, 8)
(1441587130_2, 8)
(446960888_2, 8)
(849561542_2, 8)
(1811696944_2, 8)
(1255768030_2, 8)
(331361732_2, 8)
(379387362_2, 8)
(134816357_2, 8)
(1893395245_2, 8)
(649715211_2, 8)
(320270677_2, 8)
(2105082552_2, 8)
(2116184013_2, 8)
(1417641261_2, 8)
(288116885_2, 8)
(250234026_2, 8)
(974209227_2, 8)
(641006296_2, 8)
(722365166_2, 8)
(2118005927_2, 8)
(515121508_2, 8)
(949703812_2, 8)
(2110492986_2, 8)
(429738776_2, 8)
(775385949_2, 8)
(906198484_2, 8)
(140175196_2, 8)
(90251561_2, 8)
(892175144_2, 8)
(1323428154_2, 8)
(2138244584_2, 8)
(1954217952_2, 8)
(1983177173_2, 8)
(704634292_2, 8)
(1306414591_2, 8)
(150377421_2, 8)
(2090985110_2, 8)
(1001181415_2, 8)
(438194948_2, 8)
(106640782_2, 8)
(89109490_2, 8)
(1794880257_2, 8)
(1476216659_2, 8)
(1302821313_2, 8)
(1598322013_2, 8)
(575141285_2, 8)
(1440179655_2, 8)
(1698969293_2, 8)
(107674559_2, 8)
(1531659980_2, 8)
(746351502_2, 8)
(2057613864_2, 8)
(546299815_2, 8)
(166510757_2, 8)
(1837936609_2, 8)
(1036166515_2, 8)
(1523826900_2, 8)
(1532231224_2, 8)
(1573503780_2, 8)
(543515881_2, 8)
(1265932847_2, 8)
(796522978_2, 8)
(1285252157_2, 8)
(2144292248_2, 8)
(1911672342_2, 8)
(1333374254_2, 8)
(1460673444_2, 8)
(960170074_2, 8)
(1578099249_2, 8)
(1277728352_2, 8)
(280206557_2, 8)
(581991883_2, 8)
(1345811569_2, 8)
(1595700172_2, 8)
(523876283_2, 8)
(2106973490_2, 8)
(677292725_2, 8)
(1636560210_2, 8)
(848647906_2, 8)
(52073043_2, 8)
(963802785_2, 8)
(1265141111_2, 8)
(213898691_2, 8)
(1844761950_2, 8)
(1637770670_2, 8)
(57377343_2, 8)
(1557944801_2, 8)
(1730795881_2, 8)
(1230081703_2, 8)
(507866051_2, 8)
(1676921458_2, 8)
(1169550583_2, 8)
(991282810_2, 8)
(730867785_2, 8)
(1994458777_2, 8)
(1272742257_2, 8)
(383630915_2, 8)
(310011808_2, 8)
(1358205779_2, 8)
(1775333573_2, 8)
(1597639095_2, 8)
(20306829_2, 8)
(1221390065_2, 8)
(210719163_2, 8)
(464642021_2, 8)
(638301981_2, 8)
(1995108997_2, 8)
(1452089300_2, 8)
(1579733074_2, 8)
(310000279_2, 8)
(1628738417_2, 8)
(2134480516_2, 8)
(21549077_2, 8)
(622107541_2, 8)
(598373433_2, 8)
(753618686_2, 8)
(467714153_2, 8)
(1290712340_2, 8)
(1432725843_2, 8)
(2108774699_2, 8)
(175967838_2, 8)
(774542779_2, 8)
(898610278_2, 8)
(2102079002_2, 8)
(2129640045_2, 8)
(1183905737_2, 8)
(945417342_2, 8)
(1565472481_2, 8)
(2064806565_2, 8)
(962063851_2, 8)
(802800291_2, 8)
(447448451_2, 8)
(1275579565_2, 8)
(1858136231_2, 8)
(1764401302_2, 8)
(2144693616_2, 8)
(1832883963_2, 8)
(1333938653_2, 8)
(1465123523_2, 8)
(1777390199_2, 8)
(2115136623_2, 8)
(476820284_2, 8)
(2079849301_2, 8)
(1830577424_2, 8)
(438379720_2, 8)
(594386780_2, 8)
(853138344_2, 8)
(1224193271_2, 8)
(1440801738_2, 8)
(1704031410_2, 8)
(1144381676_2, 8)
(658178110_2, 8)
(795002902_2, 8)
(1934081268_2, 8)
(979164953_2, 8)
(1592634272_2, 8)
(329888590_2, 8)
(379361531_2, 8)
(850880919_2, 8)
(1707740012_2, 8)
(1268233048_2, 8)
(1549990111_2, 8)
(1412868700_2, 8)
(1103708007_2, 8)
(83109905_2, 8)
(1691939496_2, 8)
(1391187182_2, 8)
(1352169139_2, 8)
(1838035535_2, 8)
(452163585_2, 8)
(570342587_2, 8)
(686556907_2, 8)
(1285978081_2, 8)
(1824297855_2, 8)
(1142452406_2, 8)
(527398640_2, 8)
(821476275_2, 8)
(2114897489_2, 8)
(374961141_2, 8)
(1555885551_2, 8)
(2147449275_2, 8)
(467855845_2, 8)
(1714589380_2, 8)
(1260700592_2, 8)
(2073828770_2, 8)
(122610822_2, 8)
(476933465_2, 8)
(1414437010_2, 8)
(1241079030_2, 8)
(1437793452_2, 8)
(1175058277_2, 8)
(77606569_2, 8)
(134958413_2, 8)
(926222046_2, 8)
(575681848_2, 8)
(60796122_2, 8)
(2010731102_2, 8)
(133040482_2, 8)
(1523736562_2, 8)
(519445023_2, 8)
(220976949_2, 8)
(1361240495_2, 8)
(623709615_2, 8)
(591082147_2, 8)
(1385635778_2, 8)
(353753254_2, 8)
(288382103_2, 8)
(1720098384_2, 8)
(49255221_2, 8)
(181392970_2, 8)
(596212431_2, 8)
(1509649636_2, 8)
(1977952509_2, 8)
(1394016319_2, 8)
(1777130512_2, 8)
(1631869053_2, 8)
(405259987_2, 8)
(684070441_2, 8)
(796321045_2, 8)
(268592408_2, 8)
(1238769978_2, 8)
(2061798560_2, 8)
(2045591047_2, 8)
(976357756_2, 8)
(1593746926_2, 8)
(599150564_2, 8)
(1274162075_2, 8)
(747426918_2, 8)
(1233924713_2, 8)
(554552695_2, 8)
(897418445_2, 8)
(1564137741_2, 8)
(1048912252_2, 8)
(580156109_2, 8)
(1280546111_2, 8)
(1316216479_2, 8)
(708447119_2, 8)
(2061778500_2, 8)
(369980629_2, 8)
(1037224009_2, 8)
(1009459534_2, 8)
(1623959603_2, 8)
(619507018_2, 8)
(1812160921_2, 8)
(1979044830_2, 8)
(1707157467_2, 8)
(2019875561_2, 8)
(1476663012_2, 8)
(1424675695_2, 8)
(1267233308_2, 8)
(2039939546_2, 8)
(1601623645_2, 8)
(228343026_2, 8)
(2001724679_2, 8)
(1945634654_2, 8)
(852269928_2, 8)
(809599386_2, 8)
(1697813209_2, 8)
(1466962626_2, 8)
(1600680035_2, 8)
(1466311162_2, 8)
(950260309_2, 8)
(533257495_2, 8)
(1127292223_2, 8)
(448094104_2, 8)
(1267310794_2, 8)
(533286214_2, 8)
(279199763_2, 8)
(245157212_2, 8)
(480904447_2, 8)
(894814022_2, 8)
(1869088641_2, 8)
(207960793_2, 8)
(532564410_2, 8)
(264207247_2, 8)
(2110169828_2, 8)
(1068218203_2, 8)
(1956553892_2, 8)
(2007569785_2, 8)
(1140782597_2, 8)
(1710358635_2, 8)
(1499442480_2, 8)
(1918259658_2, 8)
(645652373_2, 8)
(2052453666_2, 8)
(1351494945_2, 8)
(249247708_2, 8)
(931265229_2, 8)
(690891920_2, 8)
(1820427731_2, 8)
(886958810_2, 8)
(168260699_2, 8)
(1053730870_2, 8)
(24736736_2, 8)
(491985680_2, 8)
(1217362774_2, 8)
(490571918_2, 8)
(1185879006_2, 8)
(1467732304_2, 8)
(905724082_2, 8)
(900562309_2, 8)
(1585229390_2, 8)
(1313948736_2, 8)
(416705333_2, 8)
(573129434_2, 8)
(807371156_2, 8)
(1611677387_2, 8)
(1242187030_2, 8)
(2012112555_2, 8)
(746894790_2, 8)
(1312959975_2, 8)
(1633374442_2, 8)
(1958405951_2, 8)
(1081621451_2, 8)
(1614843520_2, 8)
(1296492323_2, 8)
(580349658_2, 8)
(369551734_2, 8)
(1007456727_2, 8)
(123604420_2, 8)
(1685337146_2, 8)
(725876010_2, 8)
(697907059_2, 8)
(779186343_2, 8)
(229401118_2, 8)
(1654534596_2, 8)
(448968160_2, 8)
(570428570_2, 8)
(44074671_2, 8)
(1447600488_2, 8)
(1734967242_2, 8)
(541923644_2, 8)
(1763094635_2, 8)
(1818009418_2, 8)
(181365271_2, 8)
(809928594_2, 8)
(997674915_2, 8)
(1563716086_2, 8)
(833933830_2, 8)
(1263174034_2, 8)
(1029952708_2, 8)
(1943972921_2, 8)
(894182718_2, 8)
(1891717277_2, 6)
(1652165931_2, 6)
(147553800_2, 6)
(12556345_2, 6)
(623398715_2, 6)
(261801553_2, 6)
(144496413_2, 6)
(1190933429_2, 6)
(116475952_2, 6)
(2080599645_2, 6)
(706387217_2, 6)
(1956778371_2, 6)
(8384093_2, 6)
(1689760268_2, 6)
(1968286002_2, 6)
(1610582047_2, 6)
(55343445_2, 6)
(1729528764_2, 6)
(1687869697_2, 6)
(1984980444_2, 6)
(1415813377_2, 6)
(585372613_2, 6)
(957190698_2, 6)
(2102414642_2, 6)
(202794864_2, 6)
(924804935_2, 6)
(1822712985_2, 6)
(1071521492_2, 6)
(705009146_2, 6)
(431055334_2, 6)
(2138619465_2, 6)
(2025609586_2, 6)
(1941377583_2, 6)
(1132727072_2, 6)
(1035886926_2, 6)
(1173113531_2, 6)
(379727132_2, 6)
(1944154579_2, 6)
(1464033216_2, 6)
(1740587962_2, 6)
(1112495970_2, 6)
(1862223891_2, 6)
(1344375895_2, 6)
(821622613_2, 6)
(811386669_2, 6)
(110918842_2, 6)
(10871015_2, 6)
(542337171_2, 6)
(1120557432_2, 6)
(2002827139_2, 6)
(911630653_2, 6)
(1835361564_2, 6)
(1293065480_2, 6)
(1620542364_2, 6)
(1691513169_2, 6)
(114113172_2, 6)
(688619626_2, 6)
(786579229_2, 6)
(146253900_2, 6)
(861440100_2, 6)
(2127137532_2, 6)
(1727137008_2, 6)
(910882312_2, 6)
(861345400_2, 6)
(601680162_2, 6)
(2099482545_2, 6)
(2053866005_2, 6)
(115030301_2, 6)
(544118409_2, 6)
(1505973558_2, 6)
(2040247359_2, 6)
(396139163_2, 6)
(583118362_2, 6)
(1249935671_2, 6)
(1857042095_2, 6)
(120634390_2, 6)
(1394113668_2, 6)
(1400126543_2, 6)
(48017595_2, 6)
(1324202563_2, 6)
(357198688_2, 6)
(389784108_2, 6)
(1776663472_2, 6)
(1871986661_2, 6)
(1733195345_2, 6)
(251664158_2, 6)
(660452230_2, 6)
(887781661_2, 6)
(1561481157_2, 4)
(1920122516_2, 4)
(1013915568_2, 4)
(2087214639_2, 4)
(1928963350_2, 4)
(1250603698_2, 4)
(854850358_2, 4)
(1030386153_2, 4)
(882678837_2, 4)
(841663722_2, 4)
(1577473412_2, 4)
(2108957012_2, 4)
(1875981564_2, 4)
(1315555248_2, 4)
(924266702_2, 4)
(36335878_2, 4)
(378215201_2, 4)
(469324256_2, 4)
(1693481398_2, 4)
(1340776511_2, 4)
(2050076907_2, 4)
(596264807_2, 4)
(153874787_2, 4)
(1256388880_2, 4)
(567523049_2, 4)
(1101702276_2, 4)
(1147655812_2, 4)
(969523201_2, 4)
(318253198_2, 4)
(1617131053_2, 4)
(45916146_2, 4)
(592953721_2, 4)
(1080838817_2, 4)
(174820408_2, 4)
(1422201948_2, 4)
(372850492_2, 4)
(1893597811_2, 4)
(423608994_2, 4)
(43692329_2, 4)
(794557741_2, 4)
(1813127947_2, 4)
(1486874671_2, 4)
(1674176086_2, 4)
(2083078862_2, 4)
(566698606_2, 4)
(927246381_2, 4)
(1437359237_2, 4)
(1296249134_2, 4)
(715124228_2, 4)
(38241737_2, 4)
(1729671574_2, 4)
(488109817_2, 4)
(421919258_2, 4)
(1670620580_2, 4)
(2030779752_2, 4)
(1888767710_2, 4)
(1283901253_2, 4)
(985458797_2, 4)
(287777916_2, 4)
(61920633_2, 4)
(65977332_2, 4)
(1209084756_2, 4)
(1656534985_2, 4)
(1229295347_2, 4)
(966455904_2, 4)
(1456714767_2, 4)
(1120129914_2, 4)
(1411902227_2, 4)
(120140438_2, 4)
(739427698_2, 4)
(1827442832_2, 4)
(1461324984_2, 4)
(633961589_2, 4)
(1774943646_2, 4)
(802170402_2, 4)
(1236171178_2, 4)
(147752067_2, 4)
(1785060294_2, 4)
(585476197_2, 4)
(624330067_2, 4)
(466364448_2, 4)
(1775141609_2, 4)
(2015082339_2, 4)
(10592711_2, 4)
(1219273227_2, 4)
(263247614_2, 4)
(10416957_2, 4)
(643025467_2, 4)
(255656614_2, 4)
(516707367_2, 4)
(1313491200_2, 4)
(1690697371_2, 4)
(840456778_2, 4)
(2073111398_2, 4)
(1448956844_2, 4)
(1589335521_2, 4)
(444873373_2, 4)
(1782932526_2, 4)
(2000051504_2, 4)
(1086770478_2, 4)
(1628047273_2, 4)
(703207324_2, 4)
(2096140292_2, 4)
(202158229_2, 4)
(60733624_2, 4)
(1648891393_2, 4)
(1847978848_2, 4)
(519690446_2, 4)
(1541181593_2, 4)
(1554372140_2, 4)
(163741802_2, 4)
(452844013_2, 4)
(207848069_2, 4)
(447854350_2, 4)
(861370692_2, 4)
(142002532_2, 4)
(681634473_2, 4)
(13018989_2, 4)
(1816838794_2, 4)
(1627976409_2, 4)
(665669054_2, 4)
(1623573742_2, 4)
(1986840456_2, 4)
(804582190_2, 4)
(564956704_2, 4)
(1855415508_2, 4)
(1069828852_2, 4)
(654017344_2, 4)
(987248321_2, 4)
(1099936465_2, 4)
(272238669_2, 4)
(1811915961_2, 4)
(791304297_2, 4)
(1801186586_2, 4)
(779214446_2, 4)
(1157875367_2, 4)
(670820888_2, 4)
(413164278_2, 4)
(1028343147_2, 4)
(1484307874_2, 4)
(1049762666_2, 4)
(1679582975_2, 4)
(1762999508_2, 4)
(254698060_2, 4)
(1010352683_2, 4)
(1886828754_2, 4)
(1956851041_2, 4)
(896447554_2, 4)
(320179133_2, 4)
(884931675_2, 4)
(1967182411_2, 4)
(852457120_2, 4)
(1170556202_2, 4)
(1183370072_2, 4)
(2024554643_2, 4)
(798472577_2, 4)
(2057882935_2, 4)
(1531443370_2, 4)
(554534132_2, 4)
(2031377407_2, 4)
(951486494_2, 4)
(475174384_2, 4)
(226438703_2, 4)
(909044773_2, 4)
(879878765_2, 4)
(1314309137_2, 4)
(1137134828_2, 4)
(2068393563_2, 4)
(1023677580_2, 4)
(67615869_2, 4)
(1878521921_2, 4)
(1908828843_2, 4)
(426581253_2, 4)
(1021425861_2, 4)
(1945825750_2, 4)
(758933076_2, 4)
(1461922249_2, 4)
(1068933553_2, 4)
(1777248869_2, 4)
(1240082228_2, 4)
(1536782747_2, 4)
(1710140062_2, 4)
(2121553100_2, 4)
(1021154547_2, 4)
(1419212473_2, 4)
(129126959_2, 4)
(596282179_2, 4)
(1940732695_2, 4)
(1813741125_2, 4)
(1225707974_2, 4)
(298365179_2, 4)
(708371087_2, 4)
(740911318_2, 4)
(1225184859_2, 4)
(673357569_2, 4)
(1041329314_2, 4)
(1898395810_2, 4)
(1787645591_2, 4)
(2000622565_2, 4)
(1244698006_2, 4)
(735876066_2, 4)
(1338536878_2, 4)
(1039637900_2, 4)
(759450371_2, 4)
(1689426325_2, 4)
(840673866_2, 4)
(1200320659_2, 4)
(874051671_2, 4)
(718164998_2, 4)
(90843036_2, 4)
(1559194184_2, 4)
(846429578_2, 4)
(167495955_2, 4)
(677210096_2, 4)
(617507629_2, 4)
(1167730574_2, 4)
(836232105_2, 4)
(1730684361_2, 4)
(7620498_2, 4)
(1220339494_2, 4)
(2071068979_2, 4)
(774186039_2, 4)
(1612136046_2, 4)
(1330205670_2, 4)
(26975285_2, 4)
(1225628930_2, 4)
(1453223031_2, 4)
(1675517910_2, 4)
(649754507_2, 4)
(227679507_2, 4)
(1732517254_2, 4)
(18132836_2, 4)
(1200991302_2, 4)
(1209803488_2, 4)
(1354692958_2, 4)
(1198996195_2, 4)
(941535335_2, 4)
(2102544801_2, 4)
(48187421_2, 4)
(1792462842_2, 4)
(446590548_2, 4)
(983613955_2, 4)
(753721152_2, 4)
(863633905_2, 4)
(468603230_2, 4)
(1888703149_2, 4)
(489120190_2, 4)
(1101419643_2, 4)
(1167881306_2, 4)
(1534816008_2, 4)
(1332417070_2, 4)
(739376694_2, 4)
(1458360319_2, 4)
(2075967806_2, 4)
(1536413366_2, 4)
(1133522820_2, 4)
(1281483256_2, 4)
(2141328505_2, 4)
(305983703_2, 4)
(1305859771_2, 4)
(1086849885_2, 4)
(1078474287_2, 4)
(331987428_2, 4)
(1126084678_2, 4)
(1280877803_2, 4)
(1587806330_2, 4)
(1974910259_2, 4)
(1171444015_2, 4)
(1586249700_2, 4)
(1342981118_2, 4)
(31356598_2, 4)
(389508518_2, 4)
(990305514_2, 4)
(693413504_2, 4)
(1118394029_2, 4)
(2142910985_2, 4)
(285498878_2, 4)
(125690771_2, 4)
(1466535659_2, 4)
(1170461061_2, 4)
(1083452325_2, 4)
(1586075523_2, 4)
(1654430085_2, 4)
(495618403_2, 4)
(1040704153_2, 4)
(1880462876_2, 4)
(498562313_2, 4)
(138820866_2, 4)
(1913113214_2, 4)
(1900340948_2, 4)
(1256742111_2, 4)
(397213339_2, 4)
(520843222_2, 4)
(1080401944_2, 4)
(1945281469_2, 4)
(905970267_2, 4)
(2070270712_2, 4)
(2010832819_2, 4)
(2069874140_2, 4)
(335217838_2, 4)
(1238919655_2, 4)
(1449534704_2, 4)
(578986607_2, 4)
(128103882_2, 4)
(2085164421_2, 4)
(311698942_2, 4)
(135632983_2, 4)
(2004389628_2, 4)
(333583069_2, 4)
(628932374_2, 4)
(1304334476_2, 4)
(789496066_2, 4)
(896136118_2, 4)
(978883631_2, 4)
(1458939289_2, 4)
(695404832_2, 4)
(398916037_2, 4)
(276716794_2, 4)
(1391399552_2, 4)
(1152505658_2, 4)
(1691080053_2, 4)
(2015510231_2, 4)
(973989245_2, 4)
(51343978_2, 4)
(1215373146_2, 4)
(1176473757_2, 4)
(1479079157_2, 4)
(427840304_2, 4)
(1145419747_2, 4)
(918327650_2, 4)
(826813125_2, 4)
(833416279_2, 4)
(1656034023_2, 4)
(867439529_2, 4)
(2120148160_2, 4)
(1769614822_2, 4)
(1919412680_2, 4)
(33204589_2, 4)
(2087184950_2, 4)
(17152612_2, 4)
(1959148653_2, 4)
(1238052913_2, 4)
(1352489087_2, 4)
(819412355_2, 4)
(643334753_2, 4)
(509805064_2, 4)
(1675866_2, 4)
(834620965_2, 4)
(499895938_2, 4)
(1153112354_2, 4)
(822207122_2, 4)
(1335291269_2, 4)
(1123714694_2, 4)
(1637205587_2, 4)
(1852186969_2, 4)
(25228855_2, 4)
(288473109_2, 4)
(370415055_2, 4)
(1308451960_2, 4)
(1370015042_2, 4)
(1690885303_2, 4)
(699927518_2, 4)
(694129034_2, 4)
(1371637011_2, 4)
(1767600751_2, 4)
(922891801_2, 4)
(1651603439_2, 4)
(2014996612_2, 4)
(1683870401_2, 4)
(1256160604_2, 4)
(1312738306_2, 4)
(1487024461_2, 4)
(329049819_2, 4)
(1121616670_2, 4)
(922883595_2, 4)
(690719255_2, 4)
(1056012961_2, 4)
(2091425711_2, 4)
(308088552_2, 4)
(1427241705_2, 4)
(725466051_2, 4)
(372708365_2, 4)
(2097653072_2, 4)
(1716230009_2, 4)
(164258530_2, 4)
(1559824088_2, 4)
(630856129_2, 4)
(1011870322_2, 4)
(477542864_2, 4)
(764594046_2, 4)
(1386053924_2, 4)
(1819314049_2, 4)
(2127245833_2, 4)
(2045164731_2, 4)
(129181818_2, 4)
(994297051_2, 4)
(862974060_2, 4)
(310974650_2, 4)
(1753148631_2, 4)
(613954976_2, 4)
(1172785819_2, 4)
(679994369_2, 4)
(1503275125_2, 4)
(631611157_2, 4)
(1951263989_2, 4)
(105134169_2, 4)
(771533053_2, 4)
(756646829_2, 4)
(1640228715_2, 4)
(1233707839_2, 4)
(1804413970_2, 4)
(1572579515_2, 4)
(1530616708_2, 4)
(236328602_2, 4)
(293174823_2, 4)
(775664637_2, 4)
(427820926_2, 4)
(1815190403_2, 4)
(1596210993_2, 4)
(223903113_2, 4)
(1355098200_2, 4)
(1427886752_2, 4)
(324683797_2, 4)
(935289429_2, 4)
(2094968474_2, 4)
(1518053588_2, 4)
(57095875_2, 4)
(1652500909_2, 4)
(1202120741_2, 4)
(1773753728_2, 4)
(1493671513_2, 4)
(1735325427_2, 4)
(555585895_2, 4)
(1748417610_2, 4)
(1172556581_2, 4)
(1690396908_2, 4)
(1906242052_2, 4)
(1627625766_2, 4)
(65298195_2, 4)
(158216890_2, 4)
(2060320566_2, 4)
(258418254_2, 4)
(2053253609_2, 4)
(2047232304_2, 4)
(160002686_2, 4)
(879273756_2, 4)
(1078558392_2, 4)
(823328318_2, 4)
(173941312_2, 4)
(1012984671_2, 4)
(1311517750_2, 4)
(858939998_2, 4)
(913884467_2, 4)
(937233228_2, 4)
(635180169_2, 4)
(1039785941_2, 4)
(758790709_2, 4)
(160524251_2, 4)
(1087672277_2, 4)
(1724501970_2, 4)
(749649316_2, 4)
(768949967_2, 4)
(1304163613_2, 4)
(497002450_2, 4)
(883007893_2, 4)
(1961937851_2, 4)
(2006382264_2, 4)
(1645707_2, 4)
(1011704784_2, 4)
(764682641_2, 4)
(2064443950_2, 4)
(778152617_2, 4)
(355901358_2, 4)
(1103804464_2, 4)
(1631361334_2, 4)
(1253405761_2, 4)
(442096051_2, 4)
(1651285970_2, 4)
(1846325626_2, 4)
(1644246740_2, 4)
(604151333_2, 4)
(429587395_2, 4)
(918761417_2, 4)
(2042477683_2, 4)
(1532592241_2, 4)
(1267628222_2, 4)
(1179278718_2, 4)
(327523277_2, 4)
(1572503614_2, 4)
(353658341_2, 4)
(1100908089_2, 4)
(883613744_2, 4)
(1735131305_2, 4)
(920439751_2, 4)
(1038210199_2, 4)
(1165362609_2, 4)
(863781426_2, 4)
(192235927_2, 4)
(1969509263_2, 4)
(1766462023_2, 4)
(381977712_2, 4)
(1343758512_2, 4)
(20678397_2, 4)
(1276630470_2, 4)
(1357225702_2, 4)
(179096073_2, 4)
(887952271_2, 4)
(380224087_2, 4)
(955344046_2, 4)
(663842123_2, 4)
(1329233210_2, 4)
(370353415_2, 4)
(1141794536_2, 4)
(1862571754_2, 4)
(1362954701_2, 4)
(884896510_2, 4)
(444811397_2, 4)
(1150371999_2, 4)
(867705388_2, 4)
(389389323_2, 4)
(287778255_2, 4)
(278229142_2, 4)
(537101922_2, 4)
(757620201_2, 4)
(1742123490_2, 4)
(1880466997_2, 4)
(473754317_2, 4)
(1036246933_2, 4)
(307884626_2, 4)
(1757269979_2, 4)
(832847892_2, 4)
(1037149559_2, 4)
(1355622505_2, 4)
(1051629395_2, 4)
(334042549_2, 4)
(780680326_2, 4)
(758605809_2, 4)
(220208922_2, 4)
(1040849355_2, 4)
(411417723_2, 4)
(699561275_2, 4)
(662244950_2, 4)
(1237619510_2, 4)
(912830605_2, 4)
(1430125911_2, 4)
(1395168824_2, 4)
(1107587715_2, 4)
(753172171_2, 4)
(1935581968_2, 4)
(1394502117_2, 4)
(1868661936_2, 4)
(1595129749_2, 4)
(1686759139_2, 4)
(372381930_2, 4)
(2116335388_2, 4)
(1795615459_2, 4)
(2125691170_2, 4)
(450435732_2, 4)
(390353248_2, 4)
(462117068_2, 4)
(1696229721_2, 4)
(879813658_2, 4)
(1175346820_2, 4)
(473709800_2, 4)
(944843727_2, 4)
(1066994861_2, 4)
(841513002_2, 4)
(977705781_2, 4)
(955841019_2, 4)
(1155489111_2, 4)
(1525924293_2, 4)
(534260713_2, 4)
(944595684_2, 4)
(300822365_2, 4)
(350907817_2, 4)
(190445963_2, 4)
(701481486_2, 4)
(1796200058_2, 4)
(509495333_2, 4)
(507742197_2, 4)
(1046925020_2, 4)
(871911944_2, 4)
(1900377693_2, 4)
(2078707523_2, 4)
(1347872135_2, 4)
(89598116_2, 4)
(987906455_2, 4)
(984095668_2, 4)
(271072211_2, 4)
(220411725_2, 4)
(1490044913_2, 4)
(1617852084_2, 4)
(477805900_2, 4)
(600791877_2, 4)
(1882718923_2, 4)
(829339736_2, 4)
(2008839910_2, 4)
(1823609033_2, 4)
(532049543_2, 4)
(1758175949_2, 4)
(629850758_2, 4)
(588661334_2, 4)
(1210196491_2, 4)
(315504597_2, 4)
(984206180_2, 4)
(274116434_2, 4)
(1455279060_2, 4)
(1715278330_2, 4)
(889042606_2, 4)
(1260015712_2, 4)
(1371245742_2, 4)
(750256947_2, 4)
(2078777864_2, 4)
(1368005132_2, 4)
(148295834_2, 4)
(1410615358_2, 4)
(722906022_2, 4)
(569080239_2, 4)
(1305106750_2, 4)
(1383857583_2, 4)
(1916404394_2, 4)
(2061057403_2, 4)
(1316889857_2, 4)
(1575856307_2, 4)
(766316124_2, 4)
(1501403838_2, 4)
(529206994_2, 4)
(891556121_2, 4)
(436859755_2, 4)
(1413657685_2, 4)
(1124653356_2, 4)
(1487083906_2, 4)
(226011376_2, 4)
(713065967_2, 4)
(1871254963_2, 4)
(829988550_2, 4)
(903895766_2, 4)
(127471178_2, 4)
(1284657207_2, 4)
(844955427_2, 4)
(358623257_2, 4)
(1490304336_2, 4)
(34840625_2, 4)
(791476506_2, 4)
(588272813_2, 4)
(1140421141_2, 4)
(1181767430_2, 4)
(267730610_2, 4)
(1474963553_2, 4)
(877728880_2, 4)
(878326218_2, 4)
(1570514632_2, 4)
(1547163742_2, 4)
(1409765013_2, 4)
(899014546_2, 4)
(717482412_2, 4)
(1011019491_2, 4)
(395345351_2, 4)
(1313210262_2, 4)
(1091489913_2, 4)
(410080301_2, 4)
(104539500_2, 4)
(293109482_2, 4)
(772142206_2, 4)
(698931778_2, 4)
(1137412726_2, 4)
(50788040_2, 4)
(424348777_2, 4)
(234951536_2, 4)
(2011910713_2, 4)
(241326564_2, 4)
(803337129_2, 4)
(764757244_2, 4)
(583789257_2, 4)
(732746647_2, 4)
(2067199018_2, 4)
(1031605118_2, 4)
(997732865_2, 4)
(1812407621_2, 4)
(1407609131_2, 4)
(1029230533_2, 4)
(573227913_2, 4)
(1398084443_2, 4)
(819221515_2, 4)
(32181401_2, 4)
(1491094947_2, 4)
(1001004128_2, 4)
(1367836300_2, 4)
(1984658227_2, 4)
(1157007068_2, 4)
(874242484_2, 4)
(375447188_2, 4)
(1382650598_2, 4)
(1018818815_2, 4)
(2018194840_2, 4)
(647514272_2, 4)
(736404386_2, 4)
(2095014690_2, 4)
(1243738019_2, 4)
(1922881574_2, 4)
(381422396_2, 4)
(889658944_2, 4)
(806906184_2, 4)
(416200645_2, 4)
(696898694_2, 4)
(777000382_2, 4)
(2077651345_2, 4)
(183931169_2, 4)
(420963758_2, 4)
(1076648720_2, 4)
(951291465_2, 4)
(547787956_2, 4)
(88345508_2, 4)
(489488698_2, 4)
(1940935828_2, 4)
(159156132_2, 4)
(1305048323_2, 4)
(74224244_2, 4)
(1178992715_2, 4)
(382317266_2, 4)
(1026021963_2, 4)
(1162260593_2, 4)
(1805046579_2, 4)
(1443673926_2, 4)
(1368852299_2, 4)
(574830583_2, 4)
(1211541589_2, 4)
(1331756867_2, 4)
(2146832073_2, 4)
(1360126379_2, 4)
(1807495917_2, 4)
(1302559230_2, 4)
(108336460_2, 4)
(1168668816_2, 4)
(1671226941_2, 4)
(461346139_2, 4)
(718969387_2, 4)
(999457597_2, 4)
(1278004720_2, 4)
(666212813_2, 4)
(39918405_2, 4)
(2127258374_2, 4)
(1985675334_2, 4)
(2121874810_2, 4)
(535636174_2, 4)
(954044065_2, 4)
(1640564430_2, 4)
(1920008596_2, 4)
(2135040613_2, 4)
(1761702997_2, 4)
(804102724_2, 4)
(58952407_2, 4)
(1632962583_2, 4)
(498117113_2, 4)
(2134262868_2, 4)
(126966590_2, 4)
(56722680_2, 4)
(2020412890_2, 4)
(1821748280_2, 4)
(1309795768_2, 4)
(908638287_2, 4)
(2050476748_2, 4)
(2095084638_2, 4)
(661505357_2, 4)
(217929813_2, 4)
(1249987597_2, 4)
(139246311_2, 4)
(1688870613_2, 4)
(1832776453_2, 4)
(988607914_2, 4)
(1322355510_2, 4)
(1962321415_2, 4)
(1684662269_2, 4)
(655325764_2, 4)
(289308505_2, 4)
(861079185_2, 4)
(1909913506_2, 4)
(1916850409_2, 4)
(2075478766_2, 4)
(1207476230_2, 4)
(1704138134_2, 4)
(1382746753_2, 4)
(1141569895_2, 4)
(1674865305_2, 4)
(1276698505_2, 4)
(2093071831_2, 4)
(1400411034_2, 4)
(636682417_2, 4)
(1829528664_2, 4)
(1834272205_2, 4)
(77495791_2, 4)
(1980666067_2, 4)
(987288057_2, 4)
(999685078_2, 4)
(628149602_2, 4)
(25546415_2, 4)
(253899869_2, 4)
(1736006903_2, 4)
(1392351697_2, 4)
(1930682598_2, 4)
(272767614_2, 4)
(771696009_2, 4)
(1598766745_2, 4)
(19294218_2, 4)
(536677789_2, 4)
(727069730_2, 4)
(603997529_2, 4)
(84749793_2, 4)
(1571751921_2, 4)
(2115304653_2, 4)
(963912122_2, 4)
(1991774044_2, 4)
(1625321864_2, 4)
(1678922864_2, 4)
(2138056720_2, 2)
(567953484_2, 2)
(825663676_2, 2)
(2008577258_2, 2)
(1557121527_2, 2)
(1010239718_2, 2)
(250902761_2, 2)
(2014284361_2, 2)
(1508363196_2, 2)
(1125290075_2, 2)
(2047958229_2, 2)
(129182267_2, 2)
(472463156_2, 2)
(155490200_2, 2)
(1489208953_2, 2)
(1390897981_2, 2)
(24240915_2, 2)
(2075588998_2, 2)
(476896236_2, 2)
(1327934072_2, 2)
(596880704_2, 2)
(1305781947_2, 2)
(224868157_2, 2)
(1071370965_2, 2)
(66878705_2, 2)
(804686140_2, 2)
(1730935333_2, 2)
(489011343_2, 2)
(388933389_2, 2)
(1420002767_2, 2)
(1428187432_2, 2)
(1994508121_2, 2)
(984968997_2, 2)
(247875414_2, 2)
(1232127609_2, 2)
(2128587622_2, 2)
(631263306_2, 2)
(1908040708_2, 2)
(1277550511_2, 2)
(235326551_2, 2)
(2018116428_2, 2)
(2115822880_2, 2)
(226896960_2, 2)
(1536676535_2, 2)
(1913860407_2, 2)
(1829948296_2, 2)
(45423624_2, 2)
(1616969145_2, 2)
(470635528_2, 2)
(762423542_2, 2)
(1093441678_2, 2)
(2111097532_2, 2)
(1998917030_2, 2)
(974852673_2, 2)
(2085472658_2, 2)
(2134807499_2, 2)
(1457052503_2, 2)
(664681092_2, 2)
(2122898739_2, 2)
(389210515_2, 2)
(1478223633_2, 2)
(2007878303_2, 2)
(586960356_2, 2)
(1161453016_2, 2)
(1649139796_2, 2)
(826740449_2, 2)
(2019449633_2, 2)
(1270329441_2, 2)
(1792257381_2, 2)
(331802135_2, 2)
(1996256373_2, 2)
(1986651674_2, 2)
(1554962122_2, 2)
(185728194_2, 2)
(55313192_2, 2)
(83392282_2, 2)
(310359636_2, 2)
(1116835053_2, 2)
(603234121_2, 2)
(1414745730_2, 2)
(1810776994_2, 2)
(1000735858_2, 2)
(1431620097_2, 2)
(15782337_2, 2)
(671063928_2, 2)
(194752775_2, 2)
(554574172_2, 2)
(329484409_2, 2)
(278861962_2, 2)
(852463062_2, 2)
(1002944254_2, 2)
(811745798_2, 2)
(1453894401_2, 2)
(1165789372_2, 2)
(21530856_2, 2)
(521141186_2, 2)
(939505970_2, 2)
(1439327782_2, 2)
(296791546_2, 2)
(2093203311_2, 2)
(138633986_2, 2)
(331891146_2, 2)
(1547714228_2, 2)
(1076788965_2, 2)
(1935379626_2, 2)
(706148298_2, 2)
(1054607555_2, 2)
(1352045551_2, 2)
(2049893134_2, 2)
(175610548_2, 2)
(1326053556_2, 2)
(2028995785_2, 2)
(1862528013_2, 2)
(1782967357_2, 2)
(1730499201_2, 2)
(1061763943_2, 2)
(1262362943_2, 2)
(93939862_2, 2)
(627495871_2, 2)
(578941362_2, 2)
(1568624814_2, 2)
(703088728_2, 2)
(525321701_2, 2)
(391944063_2, 2)
(1997855806_2, 2)
(2124107336_2, 2)
(859553676_2, 2)
(1822108536_2, 2)
(197171898_2, 2)
(21260101_2, 2)
(1074666913_2, 2)
(722807271_2, 2)
(1499418634_2, 2)
(1624967078_2, 2)
(1176627315_2, 2)
(1930924718_2, 2)
(2055710597_2, 2)
(936469248_2, 2)
(1938064444_2, 2)
(75632614_2, 2)
(2046549082_2, 2)
(633540478_2, 2)
(2013988610_2, 2)
(396827126_2, 2)
(1655429821_2, 2)
(501133298_2, 2)
(1755522366_2, 2)
(999331757_2, 2)
(302298857_2, 2)
(401061020_2, 2)
(55836849_2, 2)
(1942535465_2, 2)
(1800304624_2, 2)
(668770715_2, 2)
(1508982500_2, 2)
(420370595_2, 2)
(960355503_2, 2)
(1937168067_2, 2)
(2055825818_2, 2)
(2023290220_2, 2)
(515617558_2, 2)
(1478485854_2, 2)
(85181550_2, 2)
(76436466_2, 2)
(1398289017_2, 2)
(1335193881_2, 2)
(1963380425_2, 2)
(301120032_2, 2)
(712500038_2, 2)
(1629190688_2, 2)
(520793767_2, 2)
(1339055419_2, 2)
(649080824_2, 2)
(37817272_2, 2)
(193975647_2, 2)
(1829654926_2, 2)
(1557430476_2, 2)
(1400708956_2, 2)
(831926824_2, 2)
(980600383_2, 2)
(1182347244_2, 2)
(120846298_2, 2)
(1606638194_2, 2)
(1738176521_2, 2)
(779457072_2, 2)
(910752249_2, 2)
(1457590943_2, 2)
(1149269522_2, 2)
(1212115515_2, 2)
(212967286_2, 2)
(178209542_2, 2)
(598255134_2, 2)
(747441486_2, 2)
(825795308_2, 2)
(102619748_2, 2)
(1560500061_2, 2)
(1663226407_2, 2)
(2014824796_2, 2)
(1487171752_2, 2)
(393982682_2, 2)
(385614592_2, 2)
(717585657_2, 2)
(1412305066_2, 2)
(190115813_2, 2)
(1488413397_2, 2)
(219226408_2, 2)
(35481653_2, 2)
(1046776403_2, 2)
(1614353610_2, 2)
(2541680_2, 2)
(1385017672_2, 2)
(667061838_2, 2)
(475427789_2, 2)
(1217398102_2, 2)
(1673733295_2, 2)
(1957853165_2, 2)
(109825761_2, 2)
(441204893_2, 2)
(446780089_2, 2)
(1985079970_2, 2)
(1198234713_2, 2)
(1708492054_2, 2)
(1268582882_2, 2)
(987964686_2, 2)
(173039110_2, 2)
(1217411546_2, 2)
(917914747_2, 2)
(936739172_2, 2)
(1091844096_2, 2)
(1673888338_2, 2)
(2061972329_2, 2)
(1494433771_2, 2)
(1191999889_2, 2)
(1115690060_2, 2)
(1722406250_2, 2)
(1400706174_2, 2)
(248691802_2, 2)
(2047175903_2, 2)
(843949258_2, 2)
(1315959006_2, 2)
(2107661615_2, 2)
(2119080805_2, 2)
(1689989564_2, 2)
(978730539_2, 2)
(1770623227_2, 2)
(792578408_2, 2)
(602533439_2, 2)
(1706718789_2, 2)
(1477076348_2, 2)
(472406507_2, 2)
(766036549_2, 2)
(1639660991_2, 2)
(353368291_2, 2)
(59321310_2, 2)
(398822565_2, 2)
(611053126_2, 2)
(943843930_2, 2)
(396320886_2, 2)
(301083173_2, 2)
(608107205_2, 2)
(1066509548_2, 2)
(293284442_2, 2)
(649761185_2, 2)
(853193525_2, 2)
(433091111_2, 2)
(1241795683_2, 2)
(321075080_2, 2)
(402282190_2, 2)
(1862190887_2, 2)
(1443109464_2, 2)
(611418267_2, 2)
(1875682883_2, 2)
(83005419_2, 2)
(706063188_2, 2)
(2012200957_2, 2)
(341361796_2, 2)
(1043580421_2, 2)
(393724732_2, 2)
(1339055557_2, 2)
(921806360_2, 2)
(1634218066_2, 2)
(27493674_2, 2)
(2144691082_2, 2)
(579590681_2, 2)
(1650601542_2, 2)
(1030975170_2, 2)
(2041379477_2, 2)
(1144227246_2, 2)
(1343548416_2, 2)
(621333573_2, 2)
(1473899097_2, 2)
(300736095_2, 2)
(506913252_2, 2)
(1570000099_2, 2)
(16148305_2, 2)
(390942823_2, 2)
(1057409309_2, 2)
(51589450_2, 2)
(1077453232_2, 2)
(1005521066_2, 2)
(804368476_2, 2)
(1666926390_2, 2)
(1897096774_2, 2)
(460380035_2, 2)
(2079180014_2, 2)
(2058424643_2, 2)
(1805556267_2, 2)
(1391393966_2, 2)
(2075407549_2, 2)
(1963633841_2, 2)
(1749141148_2, 2)
(2030539281_2, 2)
(1434205134_2, 2)
(413671235_2, 2)
(1596739631_2, 2)
(572647647_2, 2)
(400539320_2, 2)
(1140222894_2, 2)
(150180729_2, 2)
(167655841_2, 2)
(1443200191_2, 2)
(1455148926_2, 2)
(548558482_2, 2)
(1962317344_2, 2)
(1408745582_2, 2)
(758496471_2, 2)
(46266380_2, 2)
(688386669_2, 2)
(1332484137_2, 2)
(904554467_2, 2)
(789047195_2, 2)
(1122240443_2, 2)
(684762404_2, 2)
(1056821854_2, 2)
(1824898406_2, 2)
(391993971_2, 2)
(2028912307_2, 2)
(320804067_2, 2)
(1879636150_2, 2)
(1728707813_2, 2)
(308278982_2, 2)
(1272134281_2, 2)
(1519884111_2, 2)
(1712581116_2, 2)
(378468741_2, 2)
(1514293910_2, 2)
(1078153883_2, 2)
(266745945_2, 2)
(1543034288_2, 2)
(580576362_2, 2)
(285574160_2, 2)
(1381600636_2, 2)
(1611279332_2, 2)
(409163815_2, 2)
(531176792_2, 2)
(512282323_2, 2)
(1129959598_2, 2)
(695286243_2, 2)
(1181814996_2, 2)
(104847175_2, 2)
(84398514_2, 2)
(934454317_2, 2)
(333526886_2, 2)
(175772248_2, 2)
(2102635416_2, 2)
org.apache.hadoop.yarn.api.records.impl.pb.AMResponsePBImpl$1$1
(1777046808_2, 2)
org.apache.hadoop.yarn.api.records.impl.pb.AMResponsePBImpl$2$1
(2094875182_2, 2)
org.apache.hadoop.yarn.ContainerLogAppender
(125670120_2, 2)
org.apache.hadoop.yarn.api.records.impl.pb.AMResponsePBImpl$1$1
(1723229399_2, 2)
org.apache.hadoop.yarn.api.records.impl.pb.AMResponsePBImpl$1$1
(2066970292_2, 2)
org.apache.hadoop.ipc.Server$Connection
