org.apache.hadoop.hdfs.protocol.DirectoryListing readFields 111 115 -1
org.apache.hadoop.hdfs.server.datanode.BlockReceiver$PacketResponder run 934 115 1
org.apache.hadoop.hdfs.server.datanode.FSDataset$FSVolume addToReplicasMap 444 115 2
org.apache.hadoop.hdfs.server.namenode.FSEditLog loadEditRecords 526 115 -2
org.apache.hadoop.hdfs.server.namenode.FSImage loadFSImage 1164 115 4
org.apache.hadoop.hdfs.protocol.DataTransferProtocol$Receiver opReadBlock 356 115 4
org.apache.hadoop.hdfs.protocol.DataTransferProtocol$Receiver opReadBlock 356 115 5
org.apache.hadoop.hdfs.server.namenode.FSEditLog loadEditRecords 481 115 -2
org.apache.hadoop.hdfs.DFSOutputStream$DataStreamer$ResponseProcessor run 652 115 1
org.apache.hadoop.mapred.Counters readFields 542 542 -1
org.apache.hadoop.hdfs.DFSOutputStream$DataStreamer run 427 115 -1
org.apache.hadoop.hdfs.server.datanode.FSDataset$FSVolume addToReplicasMap 436 115 -1
org.apache.hadoop.util.DataChecksum newDataChecksum 90 115 1
org.apache.hadoop.hdfs.server.namenode.FSEditLog loadEditRecords 591 115 -2
org.apache.hadoop.conf.Configuration getTrimmedStrings 1020 467 -1(bounded)
org.apache.hadoop.hdfs.server.datanode.DataNode offerService 813 115 5
org.apache.hadoop.hdfs.server.namenode.FSEditLog loadEditRecords 547 115 -2
org.apache.hadoop.conf.Configuration getTrimmedStrings 1020 345 -1
org.apache.hadoop.hdfs.protocol.LocatedBlock readFields 142 115 -1
org.apache.hadoop.hdfs.server.datanode.BlockReceiver$PacketResponder run 811 115 -6
org.apache.hadoop.io.IOUtils copyBytes 71 71 -6
org.apache.hadoop.hdfs.BlockReader newBlockReader 425 115 7
org.apache.hadoop.hdfs.protocol.HdfsFileStatus readFields 275 115 -1
org.apache.hadoop.conf.Configuration getTrimmedStrings 1020 209 -1(bounded)
org.apache.hadoop.mapred.Counters$Group readFields 341 341 -1
org.apache.hadoop.hdfs.server.datanode.DataXceiverServer run 135 115 3
org.apache.hadoop.hdfs.server.datanode.DataBlockScanner run 593 115 -1
org.apache.hadoop.hdfs.server.namenode.FSEditLog readShort 1496 115 -1
org.apache.hadoop.hdfs.server.namenode.FSEditLog readBlocks 1512 115 -1
org.apache.hadoop.hdfs.server.namenode.FSImage loadFSImage 1083 115 -5
org.apache.hadoop.fs.Path toString 267 115 -1
org.apache.hadoop.hdfs.server.datanode.BlockReceiver receivePacket 433 115 4
org.apache.hadoop.hdfs.server.namenode.FSEditLog loadEditRecords 590 115 -2
org.apache.hadoop.hdfs.BlockReader readChunk 239 115 -1
org.apache.hadoop.hdfs.server.namenode.BlockInfoUnderConstruction convertToCompleteBlock 160 115 1
org.apache.hadoop.hdfs.server.namenode.FSImage loadFilesUnderConstruction 1549 115 -1
org.apache.hadoop.hdfs.protocol.DataTransferProtocol$Receiver opWriteBlock 390 115 7
org.apache.hadoop.io.UTF8 toString 149 115 -1
org.apache.hadoop.hdfs.protocol.LocatedBlock readFields 146 115 -1
org.apache.hadoop.hdfs.server.namenode.FSNamesystem getAdditionalBlock 1474 115 2
org.apache.hadoop.hdfs.server.datanode.BlockReceiver receivePacket 433 115 1
org.apache.hadoop.mapred.JobTracker startTracker 258 115 -2
org.apache.hadoop.hdfs.server.datanode.ReplicasMap get 53 115 -1
org.apache.hadoop.hdfs.server.namenode.FSEditLog loadEditRecords 628 115 -2
org.apache.hadoop.hdfs.protocol.Block readFields 164 115 -1
org.apache.hadoop.hdfs.BlockReader readChunk 242 115 3
org.apache.hadoop.conf.Configuration getTrimmedStrings 1020 3728 -1(bounded)
org.apache.hadoop.hdfs.server.namenode.DatanodeDescriptor reportDiff 426 115 -3
org.apache.hadoop.hdfs.server.namenode.BlockInfoUnderConstruction setExpectedLocations 167 115 1
org.apache.hadoop.hdfs.server.namenode.FSNamesystem getAdditionalBlock 1466 115 3
org.apache.hadoop.conf.Configuration getTrimmedStrings 1020 297 -1
org.apache.hadoop.hdfs.server.namenode.FSEditLog loadEditRecords 546 115 -2
org.apache.hadoop.mapred.Task readFields 413 2168 -1
