org.apache.hadoop.hdfs.server.namenode.JournalSet mapJournalsAndReportErrors 371 457 1
org.apache.hadoop.hdfs.server.namenode.LeaseManager findLeaseWithPrefixPath 378 457 -1
org.apache.hadoop.hdfs.server.namenode.FSImageTransactionalStorageInspector inspectDirectory 88 473 -1
org.apache.hadoop.hdfs.server.namenode.Checkpointer rollForwardByApplyingLogs 310 473 1
org.apache.hadoop.hdfs.server.protocol.RemoteEditLogManifest getLogs 65 473 -1
org.apache.hadoop.hdfs.server.namenode.FSImageFormat$Loader loadINode 705 459 6
org.apache.hadoop.hdfs.server.namenode.FSImageFormat$Loader loadFilesUnderConstruction 839 473 -1
org.apache.hadoop.hdfs.server.namenode.JournalSet mapJournalsAndReportErrors 371 473 1
org.apache.hadoop.hdfs.server.namenode.FSEditLogOp$OpInstanceCache get 176 457 -1
org.apache.hadoop.hdfs.server.namenode.FSImage saveDigestAndRenameCheckpointImage 1176 473 1
org.apache.hadoop.hdfs.server.namenode.EditLogFileOutputStream preallocate 228 228 -5
org.apache.hadoop.hdfs.server.namenode.FSEditLogOp$OpInstanceCache get 176 473 -1
org.apache.hadoop.hdfs.server.namenode.FSImageTransactionalStorageInspector inspectDirectory 88 457 -1
org.apache.hadoop.hdfs.server.namenode.FSImage renameCheckpoint 1046 473 1
org.apache.hadoop.hdfs.server.namenode.FSEditLogOp$OpInstanceCache get 176 459 -1
org.apache.hadoop.hdfs.server.namenode.LeaseManager findLeaseWithPrefixPath 378 473 -1
org.apache.hadoop.hdfs.server.blockmanagement.BlockManager reportDiff 1848 1730 -3
org.apache.hadoop.hdfs.server.namenode.INode getPathNames 647 473 -1
org.apache.hadoop.hdfs.server.blockmanagement.BlockManager reportDiff 1848 1737 -3
org.apache.hadoop.hdfs.server.namenode.INode getPathNames 647 2011 -1
org.apache.hadoop.hdfs.server.blockmanagement.BlockManager reportDiff 1863 1733 -3
org.apache.hadoop.hdfs.server.namenode.INode getPathNames 647 457 -1
org.apache.hadoop.hdfs.server.namenode.FSImageFormat$Loader loadFilesUnderConstruction 839 457 -1
org.apache.hadoop.hdfs.server.blockmanagement.BlockManager processFirstBlockReport 1773 1775 -3
org.apache.hadoop.hdfs.server.blockmanagement.BlockManager reportDiff 1848 1751 -3
org.apache.hadoop.hdfs.server.namenode.FileJournalManager matchEditLogs 246 473 -1
org.apache.hadoop.hdfs.server.namenode.Checkpointer rollForwardByApplyingLogs 310 457 1
org.apache.hadoop.hdfs.server.namenode.FSImageSerialization readCompactBlockArray 488 459 -1
org.apache.hadoop.hdfs.server.datanode.BPServiceActor reportReceivedDeletedBlocks 291 2759 2
